2017-12-05 16:29:45.121  INFO 12573 --- [main] com.rvc.info.FirstApp                    : Starting FirstApp on ranjit-vostro-1540 with PID 12573 (/home/ranjit/Documents/STS/FirstSpringBoot/target/classes started by ranjit in /home/ranjit/Documents/STS/FirstSpringBoot)
2017-12-05 16:29:45.127 DEBUG 12573 --- [main] com.rvc.info.FirstApp                    : Running with Spring Boot v1.4.7.RELEASE, Spring v4.3.9.RELEASE
2017-12-05 16:29:45.128  INFO 12573 --- [main] com.rvc.info.FirstApp                    : No active profile set, falling back to default profiles: default
2017-12-05 16:29:45.297  INFO 12573 --- [main] ationConfigEmbeddedWebApplicationContext : Refreshing org.springframework.boot.context.embedded.AnnotationConfigEmbeddedWebApplicationContext@4f209819: startup date [Tue Dec 05 16:29:45 IST 2017]; root of context hierarchy
2017-12-05 16:29:47.831  INFO 12573 --- [main] s.b.c.e.t.TomcatEmbeddedServletContainer : Tomcat initialized with port(s): 8080 (http)
2017-12-05 16:29:47.857  INFO 12573 --- [main] o.apache.catalina.core.StandardService   : Starting service [Tomcat]
2017-12-05 16:29:47.859  INFO 12573 --- [main] org.apache.catalina.core.StandardEngine  : Starting Servlet Engine: Apache Tomcat/8.5.15
2017-12-05 16:29:48.109  INFO 12573 --- [localhost-startStop-1] o.a.c.c.C.[Tomcat].[localhost].[/]       : Initializing Spring embedded WebApplicationContext
2017-12-05 16:29:48.110  INFO 12573 --- [localhost-startStop-1] o.s.web.context.ContextLoader            : Root WebApplicationContext: initialization completed in 2823 ms
2017-12-05 16:29:48.352  INFO 12573 --- [localhost-startStop-1] o.s.b.w.servlet.ServletRegistrationBean  : Mapping servlet: 'dispatcherServlet' to [/]
2017-12-05 16:29:48.359  INFO 12573 --- [localhost-startStop-1] o.s.b.w.servlet.FilterRegistrationBean   : Mapping filter: 'characterEncodingFilter' to: [/*]
2017-12-05 16:29:48.360  INFO 12573 --- [localhost-startStop-1] o.s.b.w.servlet.FilterRegistrationBean   : Mapping filter: 'hiddenHttpMethodFilter' to: [/*]
2017-12-05 16:29:48.368  INFO 12573 --- [localhost-startStop-1] o.s.b.w.servlet.FilterRegistrationBean   : Mapping filter: 'httpPutFormContentFilter' to: [/*]
2017-12-05 16:29:48.369  INFO 12573 --- [localhost-startStop-1] o.s.b.w.servlet.FilterRegistrationBean   : Mapping filter: 'requestContextFilter' to: [/*]
2017-12-05 16:29:49.247  INFO 12573 --- [main] s.w.s.m.m.a.RequestMappingHandlerAdapter : Looking for @ControllerAdvice: org.springframework.boot.context.embedded.AnnotationConfigEmbeddedWebApplicationContext@4f209819: startup date [Tue Dec 05 16:29:45 IST 2017]; root of context hierarchy
2017-12-05 16:29:49.473  INFO 12573 --- [main] s.w.s.m.m.a.RequestMappingHandlerMapping : Mapped "{[/app/hello]}" onto public java.lang.String com.rvc.info.HelloWorld.helloWorld()
2017-12-05 16:29:49.481  INFO 12573 --- [main] s.w.s.m.m.a.RequestMappingHandlerMapping : Mapped "{[/user]}" onto public com.rvc.info.User com.rvc.info.JSONDemo.getUser()
2017-12-05 16:29:49.485  INFO 12573 --- [main] s.w.s.m.m.a.RequestMappingHandlerMapping : Mapped "{[/student/all]}" onto public java.util.List<com.rvc.info.student.Student> com.rvc.info.student.service.RestStudent.getAll()
2017-12-05 16:29:49.499  INFO 12573 --- [main] s.w.s.m.m.a.RequestMappingHandlerMapping : Mapped "{[/student/{id}]}" onto public com.rvc.info.student.Student com.rvc.info.student.service.RestStudent.getStudent(java.lang.Integer)
2017-12-05 16:29:49.506  INFO 12573 --- [main] s.w.s.m.m.a.RequestMappingHandlerMapping : Mapped "{[/error],produces=[text/html]}" onto public org.springframework.web.servlet.ModelAndView org.springframework.boot.autoconfigure.web.BasicErrorController.errorHtml(javax.servlet.http.HttpServletRequest,javax.servlet.http.HttpServletResponse)
2017-12-05 16:29:49.507  INFO 12573 --- [main] s.w.s.m.m.a.RequestMappingHandlerMapping : Mapped "{[/error]}" onto public org.springframework.http.ResponseEntity<java.util.Map<java.lang.String, java.lang.Object>> org.springframework.boot.autoconfigure.web.BasicErrorController.error(javax.servlet.http.HttpServletRequest)
2017-12-05 16:29:49.608  INFO 12573 --- [main] o.s.w.s.handler.SimpleUrlHandlerMapping  : Mapped URL path [/webjars/**] onto handler of type [class org.springframework.web.servlet.resource.ResourceHttpRequestHandler]
2017-12-05 16:29:49.608  INFO 12573 --- [main] o.s.w.s.handler.SimpleUrlHandlerMapping  : Mapped URL path [/**] onto handler of type [class org.springframework.web.servlet.resource.ResourceHttpRequestHandler]
2017-12-05 16:29:49.707  INFO 12573 --- [main] o.s.w.s.handler.SimpleUrlHandlerMapping  : Mapped URL path [/**/favicon.ico] onto handler of type [class org.springframework.web.servlet.resource.ResourceHttpRequestHandler]
2017-12-05 16:29:50.092  INFO 12573 --- [main] o.s.j.e.a.AnnotationMBeanExporter        : Registering beans for JMX exposure on startup
2017-12-05 16:29:50.384  INFO 12573 --- [main] s.b.c.e.t.TomcatEmbeddedServletContainer : Tomcat started on port(s): 8080 (http)
2017-12-05 16:29:50.448  INFO 12573 --- [main] com.rvc.info.FirstApp                    : Started FirstApp in 6.159 seconds (JVM running for 6.791)
2017-12-05 18:10:45.086  INFO 12573 --- [Thread-2] ationConfigEmbeddedWebApplicationContext : Closing org.springframework.boot.context.embedded.AnnotationConfigEmbeddedWebApplicationContext@4f209819: startup date [Tue Dec 05 16:29:45 IST 2017]; root of context hierarchy
2017-12-05 18:10:45.760  INFO 12573 --- [Thread-2] o.s.j.e.a.AnnotationMBeanExporter        : Unregistering JMX-exposed beans on shutdown
2017-12-06 12:18:48.757  INFO 6762 --- [main] com.rvc.info.FirstApp                    : Starting FirstApp on ranjit-vostro-1540 with PID 6762 (/home/ranjit/Documents/STS/FirstSpringBoot/target/classes started by ranjit in /home/ranjit/Documents/STS/FirstSpringBoot)
2017-12-06 12:18:48.763 DEBUG 6762 --- [main] com.rvc.info.FirstApp                    : Running with Spring Boot v1.4.7.RELEASE, Spring v4.3.9.RELEASE
2017-12-06 12:18:48.764  INFO 6762 --- [main] com.rvc.info.FirstApp                    : No active profile set, falling back to default profiles: default
2017-12-06 12:18:49.043  INFO 6762 --- [main] ationConfigEmbeddedWebApplicationContext : Refreshing org.springframework.boot.context.embedded.AnnotationConfigEmbeddedWebApplicationContext@15eb5ee5: startup date [Wed Dec 06 12:18:49 IST 2017]; root of context hierarchy
2017-12-06 12:18:52.471  INFO 6762 --- [main] s.b.c.e.t.TomcatEmbeddedServletContainer : Tomcat initialized with port(s): 8080 (http)
2017-12-06 12:18:52.510  INFO 6762 --- [main] o.apache.catalina.core.StandardService   : Starting service [Tomcat]
2017-12-06 12:18:52.512  INFO 6762 --- [main] org.apache.catalina.core.StandardEngine  : Starting Servlet Engine: Apache Tomcat/8.5.15
2017-12-06 12:18:52.831  INFO 6762 --- [localhost-startStop-1] o.a.c.c.C.[Tomcat].[localhost].[/]       : Initializing Spring embedded WebApplicationContext
2017-12-06 12:18:52.832  INFO 6762 --- [localhost-startStop-1] o.s.web.context.ContextLoader            : Root WebApplicationContext: initialization completed in 3803 ms
2017-12-06 12:18:53.180  INFO 6762 --- [localhost-startStop-1] o.s.b.w.servlet.ServletRegistrationBean  : Mapping servlet: 'dispatcherServlet' to [/]
2017-12-06 12:18:53.188  INFO 6762 --- [localhost-startStop-1] o.s.b.w.servlet.FilterRegistrationBean   : Mapping filter: 'characterEncodingFilter' to: [/*]
2017-12-06 12:18:53.191  INFO 6762 --- [localhost-startStop-1] o.s.b.w.servlet.FilterRegistrationBean   : Mapping filter: 'hiddenHttpMethodFilter' to: [/*]
2017-12-06 12:18:53.192  INFO 6762 --- [localhost-startStop-1] o.s.b.w.servlet.FilterRegistrationBean   : Mapping filter: 'httpPutFormContentFilter' to: [/*]
2017-12-06 12:18:53.192  INFO 6762 --- [localhost-startStop-1] o.s.b.w.servlet.FilterRegistrationBean   : Mapping filter: 'requestContextFilter' to: [/*]
2017-12-06 12:18:53.816  INFO 6762 --- [main] s.w.s.m.m.a.RequestMappingHandlerAdapter : Looking for @ControllerAdvice: org.springframework.boot.context.embedded.AnnotationConfigEmbeddedWebApplicationContext@15eb5ee5: startup date [Wed Dec 06 12:18:49 IST 2017]; root of context hierarchy
2017-12-06 12:18:53.993  INFO 6762 --- [main] s.w.s.m.m.a.RequestMappingHandlerMapping : Mapped "{[/app/hello]}" onto public java.lang.String com.rvc.info.HelloWorld.helloWorld()
2017-12-06 12:18:53.996  INFO 6762 --- [main] s.w.s.m.m.a.RequestMappingHandlerMapping : Mapped "{[/user]}" onto public com.rvc.info.User com.rvc.info.JSONDemo.getUser()
2017-12-06 12:18:53.999  INFO 6762 --- [main] s.w.s.m.m.a.RequestMappingHandlerMapping : Mapped "{[/student/all]}" onto public java.util.List<com.rvc.info.student.Student> com.rvc.info.student.service.RestStudent.getAll()
2017-12-06 12:18:54.000  INFO 6762 --- [main] s.w.s.m.m.a.RequestMappingHandlerMapping : Mapped "{[/student/{id}]}" onto public com.rvc.info.student.Student com.rvc.info.student.service.RestStudent.getStudent(java.lang.Integer)
2017-12-06 12:18:54.004  INFO 6762 --- [main] s.w.s.m.m.a.RequestMappingHandlerMapping : Mapped "{[/error],produces=[text/html]}" onto public org.springframework.web.servlet.ModelAndView org.springframework.boot.autoconfigure.web.BasicErrorController.errorHtml(javax.servlet.http.HttpServletRequest,javax.servlet.http.HttpServletResponse)
2017-12-06 12:18:54.005  INFO 6762 --- [main] s.w.s.m.m.a.RequestMappingHandlerMapping : Mapped "{[/error]}" onto public org.springframework.http.ResponseEntity<java.util.Map<java.lang.String, java.lang.Object>> org.springframework.boot.autoconfigure.web.BasicErrorController.error(javax.servlet.http.HttpServletRequest)
2017-12-06 12:18:54.132  INFO 6762 --- [main] o.s.w.s.handler.SimpleUrlHandlerMapping  : Mapped URL path [/webjars/**] onto handler of type [class org.springframework.web.servlet.resource.ResourceHttpRequestHandler]
2017-12-06 12:18:54.134  INFO 6762 --- [main] o.s.w.s.handler.SimpleUrlHandlerMapping  : Mapped URL path [/**] onto handler of type [class org.springframework.web.servlet.resource.ResourceHttpRequestHandler]
2017-12-06 12:18:54.280  INFO 6762 --- [main] o.s.w.s.handler.SimpleUrlHandlerMapping  : Mapped URL path [/**/favicon.ico] onto handler of type [class org.springframework.web.servlet.resource.ResourceHttpRequestHandler]
2017-12-06 12:18:54.598  INFO 6762 --- [main] o.s.j.e.a.AnnotationMBeanExporter        : Registering beans for JMX exposure on startup
2017-12-06 12:18:54.728  INFO 6762 --- [main] s.b.c.e.t.TomcatEmbeddedServletContainer : Tomcat started on port(s): 8080 (http)
2017-12-06 12:18:54.743  INFO 6762 --- [main] com.rvc.info.FirstApp                    : Started FirstApp in 6.755 seconds (JVM running for 7.384)
2017-12-06 12:21:01.060  INFO 6762 --- [Thread-2] ationConfigEmbeddedWebApplicationContext : Closing org.springframework.boot.context.embedded.AnnotationConfigEmbeddedWebApplicationContext@15eb5ee5: startup date [Wed Dec 06 12:18:49 IST 2017]; root of context hierarchy
2017-12-06 12:21:01.064  INFO 6762 --- [Thread-2] o.s.j.e.a.AnnotationMBeanExporter        : Unregistering JMX-exposed beans on shutdown
2017-12-06 12:21:03.697  INFO 6890 --- [main] com.rvc.info.FirstApp                    : Starting FirstApp on ranjit-vostro-1540 with PID 6890 (/home/ranjit/Documents/STS/FirstSpringBoot/target/classes started by ranjit in /home/ranjit/Documents/STS/FirstSpringBoot)
2017-12-06 12:21:03.702 DEBUG 6890 --- [main] com.rvc.info.FirstApp                    : Running with Spring Boot v1.4.7.RELEASE, Spring v4.3.9.RELEASE
2017-12-06 12:21:03.702  INFO 6890 --- [main] com.rvc.info.FirstApp                    : No active profile set, falling back to default profiles: default
2017-12-06 12:21:03.833  INFO 6890 --- [main] ationConfigEmbeddedWebApplicationContext : Refreshing org.springframework.boot.context.embedded.AnnotationConfigEmbeddedWebApplicationContext@4f209819: startup date [Wed Dec 06 12:21:03 IST 2017]; root of context hierarchy
2017-12-06 12:21:06.521  INFO 6890 --- [main] s.b.c.e.t.TomcatEmbeddedServletContainer : Tomcat initialized with port(s): 8080 (http)
2017-12-06 12:21:06.562  INFO 6890 --- [main] o.apache.catalina.core.StandardService   : Starting service [Tomcat]
2017-12-06 12:21:06.565  INFO 6890 --- [main] org.apache.catalina.core.StandardEngine  : Starting Servlet Engine: Apache Tomcat/8.5.15
2017-12-06 12:21:06.747  INFO 6890 --- [localhost-startStop-1] o.a.c.c.C.[Tomcat].[localhost].[/]       : Initializing Spring embedded WebApplicationContext
2017-12-06 12:21:06.748  INFO 6890 --- [localhost-startStop-1] o.s.web.context.ContextLoader            : Root WebApplicationContext: initialization completed in 2921 ms
2017-12-06 12:21:07.063  INFO 6890 --- [localhost-startStop-1] o.s.b.w.servlet.ServletRegistrationBean  : Mapping servlet: 'dispatcherServlet' to [/]
2017-12-06 12:21:07.073  INFO 6890 --- [localhost-startStop-1] o.s.b.w.servlet.FilterRegistrationBean   : Mapping filter: 'characterEncodingFilter' to: [/*]
2017-12-06 12:21:07.076  INFO 6890 --- [localhost-startStop-1] o.s.b.w.servlet.FilterRegistrationBean   : Mapping filter: 'hiddenHttpMethodFilter' to: [/*]
2017-12-06 12:21:07.076  INFO 6890 --- [localhost-startStop-1] o.s.b.w.servlet.FilterRegistrationBean   : Mapping filter: 'httpPutFormContentFilter' to: [/*]
2017-12-06 12:21:07.086  INFO 6890 --- [localhost-startStop-1] o.s.b.w.servlet.FilterRegistrationBean   : Mapping filter: 'requestContextFilter' to: [/*]
2017-12-06 12:21:07.837  INFO 6890 --- [main] s.w.s.m.m.a.RequestMappingHandlerAdapter : Looking for @ControllerAdvice: org.springframework.boot.context.embedded.AnnotationConfigEmbeddedWebApplicationContext@4f209819: startup date [Wed Dec 06 12:21:03 IST 2017]; root of context hierarchy
2017-12-06 12:21:08.000  INFO 6890 --- [main] s.w.s.m.m.a.RequestMappingHandlerMapping : Mapped "{[/app/hello]}" onto public java.lang.String com.rvc.info.HelloWorld.helloWorld()
2017-12-06 12:21:08.003  INFO 6890 --- [main] s.w.s.m.m.a.RequestMappingHandlerMapping : Mapped "{[/user]}" onto public com.rvc.info.User com.rvc.info.JSONDemo.getUser()
2017-12-06 12:21:08.005  INFO 6890 --- [main] s.w.s.m.m.a.RequestMappingHandlerMapping : Mapped "{[/student/all]}" onto public java.util.List<com.rvc.info.student.Student> com.rvc.info.student.service.RestStudent.getAll()
2017-12-06 12:21:08.007  INFO 6890 --- [main] s.w.s.m.m.a.RequestMappingHandlerMapping : Mapped "{[/student/{id}]}" onto public com.rvc.info.student.Student com.rvc.info.student.service.RestStudent.getStudent(java.lang.Integer)
2017-12-06 12:21:08.011  INFO 6890 --- [main] s.w.s.m.m.a.RequestMappingHandlerMapping : Mapped "{[/error],produces=[text/html]}" onto public org.springframework.web.servlet.ModelAndView org.springframework.boot.autoconfigure.web.BasicErrorController.errorHtml(javax.servlet.http.HttpServletRequest,javax.servlet.http.HttpServletResponse)
2017-12-06 12:21:08.012  INFO 6890 --- [main] s.w.s.m.m.a.RequestMappingHandlerMapping : Mapped "{[/error]}" onto public org.springframework.http.ResponseEntity<java.util.Map<java.lang.String, java.lang.Object>> org.springframework.boot.autoconfigure.web.BasicErrorController.error(javax.servlet.http.HttpServletRequest)
2017-12-06 12:21:08.062  INFO 6890 --- [main] o.s.w.s.handler.SimpleUrlHandlerMapping  : Mapped URL path [/webjars/**] onto handler of type [class org.springframework.web.servlet.resource.ResourceHttpRequestHandler]
2017-12-06 12:21:08.063  INFO 6890 --- [main] o.s.w.s.handler.SimpleUrlHandlerMapping  : Mapped URL path [/**] onto handler of type [class org.springframework.web.servlet.resource.ResourceHttpRequestHandler]
2017-12-06 12:21:08.124  INFO 6890 --- [main] o.s.w.s.handler.SimpleUrlHandlerMapping  : Mapped URL path [/**/favicon.ico] onto handler of type [class org.springframework.web.servlet.resource.ResourceHttpRequestHandler]
2017-12-06 12:21:08.398  INFO 6890 --- [main] o.s.j.e.a.AnnotationMBeanExporter        : Registering beans for JMX exposure on startup
2017-12-06 12:21:08.474  INFO 6890 --- [main] s.b.c.e.t.TomcatEmbeddedServletContainer : Tomcat started on port(s): 8080 (http)
2017-12-06 12:21:08.483  INFO 6890 --- [main] com.rvc.info.FirstApp                    : Started FirstApp in 5.618 seconds (JVM running for 6.225)
2017-12-06 12:24:33.334  INFO 6890 --- [Thread-2] ationConfigEmbeddedWebApplicationContext : Closing org.springframework.boot.context.embedded.AnnotationConfigEmbeddedWebApplicationContext@4f209819: startup date [Wed Dec 06 12:21:03 IST 2017]; root of context hierarchy
2017-12-06 12:24:33.337  INFO 6890 --- [Thread-2] o.s.j.e.a.AnnotationMBeanExporter        : Unregistering JMX-exposed beans on shutdown
2017-12-06 12:24:35.271  INFO 7069 --- [main] com.rvc.info.FirstApp                    : Starting FirstApp on ranjit-vostro-1540 with PID 7069 (/home/ranjit/Documents/STS/FirstSpringBoot/target/classes started by ranjit in /home/ranjit/Documents/STS/FirstSpringBoot)
2017-12-06 12:24:35.273 DEBUG 7069 --- [main] com.rvc.info.FirstApp                    : Running with Spring Boot v1.4.7.RELEASE, Spring v4.3.9.RELEASE
2017-12-06 12:24:35.274  INFO 7069 --- [main] com.rvc.info.FirstApp                    : No active profile set, falling back to default profiles: default
2017-12-06 12:24:35.417  INFO 7069 --- [main] ationConfigEmbeddedWebApplicationContext : Refreshing org.springframework.boot.context.embedded.AnnotationConfigEmbeddedWebApplicationContext@27ce24aa: startup date [Wed Dec 06 12:24:35 IST 2017]; root of context hierarchy
2017-12-06 12:24:38.291  INFO 7069 --- [main] s.b.c.e.t.TomcatEmbeddedServletContainer : Tomcat initialized with port(s): 8080 (http)
2017-12-06 12:24:38.317  INFO 7069 --- [main] o.apache.catalina.core.StandardService   : Starting service [Tomcat]
2017-12-06 12:24:38.319  INFO 7069 --- [main] org.apache.catalina.core.StandardEngine  : Starting Servlet Engine: Apache Tomcat/8.5.15
2017-12-06 12:24:38.490  INFO 7069 --- [localhost-startStop-1] o.a.c.c.C.[Tomcat].[localhost].[/]       : Initializing Spring embedded WebApplicationContext
2017-12-06 12:24:38.491  INFO 7069 --- [localhost-startStop-1] o.s.web.context.ContextLoader            : Root WebApplicationContext: initialization completed in 3085 ms
2017-12-06 12:24:38.728  INFO 7069 --- [localhost-startStop-1] o.s.b.w.servlet.ServletRegistrationBean  : Mapping servlet: 'dispatcherServlet' to [/]
2017-12-06 12:24:38.734  INFO 7069 --- [localhost-startStop-1] o.s.b.w.servlet.FilterRegistrationBean   : Mapping filter: 'characterEncodingFilter' to: [/*]
2017-12-06 12:24:38.735  INFO 7069 --- [localhost-startStop-1] o.s.b.w.servlet.FilterRegistrationBean   : Mapping filter: 'hiddenHttpMethodFilter' to: [/*]
2017-12-06 12:24:38.736  INFO 7069 --- [localhost-startStop-1] o.s.b.w.servlet.FilterRegistrationBean   : Mapping filter: 'httpPutFormContentFilter' to: [/*]
2017-12-06 12:24:38.736  INFO 7069 --- [localhost-startStop-1] o.s.b.w.servlet.FilterRegistrationBean   : Mapping filter: 'requestContextFilter' to: [/*]
2017-12-06 12:24:39.347  INFO 7069 --- [main] s.w.s.m.m.a.RequestMappingHandlerAdapter : Looking for @ControllerAdvice: org.springframework.boot.context.embedded.AnnotationConfigEmbeddedWebApplicationContext@27ce24aa: startup date [Wed Dec 06 12:24:35 IST 2017]; root of context hierarchy
2017-12-06 12:24:39.537  INFO 7069 --- [main] s.w.s.m.m.a.RequestMappingHandlerMapping : Mapped "{[/app/hello]}" onto public java.lang.String com.rvc.info.HelloWorld.helloWorld()
2017-12-06 12:24:39.542  INFO 7069 --- [main] s.w.s.m.m.a.RequestMappingHandlerMapping : Mapped "{[/user]}" onto public com.rvc.info.User com.rvc.info.JSONDemo.getUser()
2017-12-06 12:24:39.547  INFO 7069 --- [main] s.w.s.m.m.a.RequestMappingHandlerMapping : Mapped "{[/student/all]}" onto public java.util.List<com.rvc.info.student.Student> com.rvc.info.student.service.RestStudent.getAll()
2017-12-06 12:24:39.560  INFO 7069 --- [main] s.w.s.m.m.a.RequestMappingHandlerMapping : Mapped "{[/student/{id}]}" onto public com.rvc.info.student.Student com.rvc.info.student.service.RestStudent.getStudent(java.lang.Integer)
2017-12-06 12:24:39.571  INFO 7069 --- [main] s.w.s.m.m.a.RequestMappingHandlerMapping : Mapped "{[/error],produces=[text/html]}" onto public org.springframework.web.servlet.ModelAndView org.springframework.boot.autoconfigure.web.BasicErrorController.errorHtml(javax.servlet.http.HttpServletRequest,javax.servlet.http.HttpServletResponse)
2017-12-06 12:24:39.574  INFO 7069 --- [main] s.w.s.m.m.a.RequestMappingHandlerMapping : Mapped "{[/error]}" onto public org.springframework.http.ResponseEntity<java.util.Map<java.lang.String, java.lang.Object>> org.springframework.boot.autoconfigure.web.BasicErrorController.error(javax.servlet.http.HttpServletRequest)
2017-12-06 12:24:39.658  INFO 7069 --- [main] o.s.w.s.handler.SimpleUrlHandlerMapping  : Mapped URL path [/webjars/**] onto handler of type [class org.springframework.web.servlet.resource.ResourceHttpRequestHandler]
2017-12-06 12:24:39.659  INFO 7069 --- [main] o.s.w.s.handler.SimpleUrlHandlerMapping  : Mapped URL path [/**] onto handler of type [class org.springframework.web.servlet.resource.ResourceHttpRequestHandler]
2017-12-06 12:24:39.746  INFO 7069 --- [main] o.s.w.s.handler.SimpleUrlHandlerMapping  : Mapped URL path [/**/favicon.ico] onto handler of type [class org.springframework.web.servlet.resource.ResourceHttpRequestHandler]
2017-12-06 12:24:40.104  INFO 7069 --- [main] o.s.j.e.a.AnnotationMBeanExporter        : Registering beans for JMX exposure on startup
2017-12-06 12:24:40.261  INFO 7069 --- [main] s.b.c.e.t.TomcatEmbeddedServletContainer : Tomcat started on port(s): 8080 (http)
2017-12-06 12:24:40.281  INFO 7069 --- [main] com.rvc.info.FirstApp                    : Started FirstApp in 5.685 seconds (JVM running for 6.344)
2017-12-06 12:28:03.609  INFO 7069 --- [Thread-2] ationConfigEmbeddedWebApplicationContext : Closing org.springframework.boot.context.embedded.AnnotationConfigEmbeddedWebApplicationContext@27ce24aa: startup date [Wed Dec 06 12:24:35 IST 2017]; root of context hierarchy
2017-12-06 12:28:03.613  INFO 7069 --- [Thread-2] o.s.j.e.a.AnnotationMBeanExporter        : Unregistering JMX-exposed beans on shutdown
2017-12-06 12:28:05.392  INFO 7238 --- [main] com.rvc.info.FirstApp                    : Starting FirstApp on ranjit-vostro-1540 with PID 7238 (/home/ranjit/Documents/STS/FirstSpringBoot/target/classes started by ranjit in /home/ranjit/Documents/STS/FirstSpringBoot)
2017-12-06 12:28:05.394 DEBUG 7238 --- [main] com.rvc.info.FirstApp                    : Running with Spring Boot v1.4.7.RELEASE, Spring v4.3.9.RELEASE
2017-12-06 12:28:05.394  INFO 7238 --- [main] com.rvc.info.FirstApp                    : No active profile set, falling back to default profiles: default
2017-12-06 12:28:05.497  INFO 7238 --- [main] ationConfigEmbeddedWebApplicationContext : Refreshing org.springframework.boot.context.embedded.AnnotationConfigEmbeddedWebApplicationContext@27ce24aa: startup date [Wed Dec 06 12:28:05 IST 2017]; root of context hierarchy
2017-12-06 12:28:08.193  INFO 7238 --- [main] s.b.c.e.t.TomcatEmbeddedServletContainer : Tomcat initialized with port(s): 8080 (http)
2017-12-06 12:28:08.225  INFO 7238 --- [main] o.apache.catalina.core.StandardService   : Starting service [Tomcat]
2017-12-06 12:28:08.229  INFO 7238 --- [main] org.apache.catalina.core.StandardEngine  : Starting Servlet Engine: Apache Tomcat/8.5.15
2017-12-06 12:28:08.482  INFO 7238 --- [localhost-startStop-1] o.a.c.c.C.[Tomcat].[localhost].[/]       : Initializing Spring embedded WebApplicationContext
2017-12-06 12:28:08.483  INFO 7238 --- [localhost-startStop-1] o.s.web.context.ContextLoader            : Root WebApplicationContext: initialization completed in 2993 ms
2017-12-06 12:28:08.733  INFO 7238 --- [localhost-startStop-1] o.s.b.w.servlet.ServletRegistrationBean  : Mapping servlet: 'dispatcherServlet' to [/]
2017-12-06 12:28:08.740  INFO 7238 --- [localhost-startStop-1] o.s.b.w.servlet.FilterRegistrationBean   : Mapping filter: 'characterEncodingFilter' to: [/*]
2017-12-06 12:28:08.742  INFO 7238 --- [localhost-startStop-1] o.s.b.w.servlet.FilterRegistrationBean   : Mapping filter: 'hiddenHttpMethodFilter' to: [/*]
2017-12-06 12:28:08.742  INFO 7238 --- [localhost-startStop-1] o.s.b.w.servlet.FilterRegistrationBean   : Mapping filter: 'httpPutFormContentFilter' to: [/*]
2017-12-06 12:28:08.743  INFO 7238 --- [localhost-startStop-1] o.s.b.w.servlet.FilterRegistrationBean   : Mapping filter: 'requestContextFilter' to: [/*]
2017-12-06 12:28:09.392  INFO 7238 --- [main] s.w.s.m.m.a.RequestMappingHandlerAdapter : Looking for @ControllerAdvice: org.springframework.boot.context.embedded.AnnotationConfigEmbeddedWebApplicationContext@27ce24aa: startup date [Wed Dec 06 12:28:05 IST 2017]; root of context hierarchy
2017-12-06 12:28:09.630  INFO 7238 --- [main] s.w.s.m.m.a.RequestMappingHandlerMapping : Mapped "{[/app/hello]}" onto public java.lang.String com.rvc.info.HelloWorld.helloWorld()
2017-12-06 12:28:09.633  INFO 7238 --- [main] s.w.s.m.m.a.RequestMappingHandlerMapping : Mapped "{[/user]}" onto public com.rvc.info.User com.rvc.info.JSONDemo.getUser()
2017-12-06 12:28:09.635  INFO 7238 --- [main] s.w.s.m.m.a.RequestMappingHandlerMapping : Mapped "{[/student/all]}" onto public java.util.List<com.rvc.info.student.Student> com.rvc.info.student.service.RestStudent.getAll()
2017-12-06 12:28:09.636  INFO 7238 --- [main] s.w.s.m.m.a.RequestMappingHandlerMapping : Mapped "{[/student/{id}]}" onto public com.rvc.info.student.Student com.rvc.info.student.service.RestStudent.getStudent(java.lang.Integer)
2017-12-06 12:28:09.641  INFO 7238 --- [main] s.w.s.m.m.a.RequestMappingHandlerMapping : Mapped "{[/error],produces=[text/html]}" onto public org.springframework.web.servlet.ModelAndView org.springframework.boot.autoconfigure.web.BasicErrorController.errorHtml(javax.servlet.http.HttpServletRequest,javax.servlet.http.HttpServletResponse)
2017-12-06 12:28:09.642  INFO 7238 --- [main] s.w.s.m.m.a.RequestMappingHandlerMapping : Mapped "{[/error]}" onto public org.springframework.http.ResponseEntity<java.util.Map<java.lang.String, java.lang.Object>> org.springframework.boot.autoconfigure.web.BasicErrorController.error(javax.servlet.http.HttpServletRequest)
2017-12-06 12:28:09.711  INFO 7238 --- [main] o.s.w.s.handler.SimpleUrlHandlerMapping  : Mapped URL path [/webjars/**] onto handler of type [class org.springframework.web.servlet.resource.ResourceHttpRequestHandler]
2017-12-06 12:28:09.711  INFO 7238 --- [main] o.s.w.s.handler.SimpleUrlHandlerMapping  : Mapped URL path [/**] onto handler of type [class org.springframework.web.servlet.resource.ResourceHttpRequestHandler]
2017-12-06 12:28:09.809  INFO 7238 --- [main] o.s.w.s.handler.SimpleUrlHandlerMapping  : Mapped URL path [/**/favicon.ico] onto handler of type [class org.springframework.web.servlet.resource.ResourceHttpRequestHandler]
2017-12-06 12:28:10.115  INFO 7238 --- [main] o.s.j.e.a.AnnotationMBeanExporter        : Registering beans for JMX exposure on startup
2017-12-06 12:28:10.214  INFO 7238 --- [main] s.b.c.e.t.TomcatEmbeddedServletContainer : Tomcat started on port(s): 8080 (http)
2017-12-06 12:28:10.229  INFO 7238 --- [main] com.rvc.info.FirstApp                    : Started FirstApp in 5.491 seconds (JVM running for 6.008)
2017-12-06 12:28:36.291  INFO 7238 --- [Thread-2] ationConfigEmbeddedWebApplicationContext : Closing org.springframework.boot.context.embedded.AnnotationConfigEmbeddedWebApplicationContext@27ce24aa: startup date [Wed Dec 06 12:28:05 IST 2017]; root of context hierarchy
2017-12-06 12:28:36.294  INFO 7238 --- [Thread-2] o.s.j.e.a.AnnotationMBeanExporter        : Unregistering JMX-exposed beans on shutdown
2017-12-06 12:28:38.070  INFO 7297 --- [main] com.rvc.info.FirstApp                    : Starting FirstApp on ranjit-vostro-1540 with PID 7297 (/home/ranjit/Documents/STS/FirstSpringBoot/target/classes started by ranjit in /home/ranjit/Documents/STS/FirstSpringBoot)
2017-12-06 12:28:38.072 DEBUG 7297 --- [main] com.rvc.info.FirstApp                    : Running with Spring Boot v1.4.7.RELEASE, Spring v4.3.9.RELEASE
2017-12-06 12:28:38.072  INFO 7297 --- [main] com.rvc.info.FirstApp                    : No active profile set, falling back to default profiles: default
2017-12-06 12:28:38.171  INFO 7297 --- [main] ationConfigEmbeddedWebApplicationContext : Refreshing org.springframework.boot.context.embedded.AnnotationConfigEmbeddedWebApplicationContext@27ce24aa: startup date [Wed Dec 06 12:28:38 IST 2017]; root of context hierarchy
2017-12-06 12:28:40.834  INFO 7297 --- [main] s.b.c.e.t.TomcatEmbeddedServletContainer : Tomcat initialized with port(s): 8080 (http)
2017-12-06 12:28:40.859  INFO 7297 --- [main] o.apache.catalina.core.StandardService   : Starting service [Tomcat]
2017-12-06 12:28:40.862  INFO 7297 --- [main] org.apache.catalina.core.StandardEngine  : Starting Servlet Engine: Apache Tomcat/8.5.15
2017-12-06 12:28:41.061  INFO 7297 --- [localhost-startStop-1] o.a.c.c.C.[Tomcat].[localhost].[/]       : Initializing Spring embedded WebApplicationContext
2017-12-06 12:28:41.062  INFO 7297 --- [localhost-startStop-1] o.s.web.context.ContextLoader            : Root WebApplicationContext: initialization completed in 2897 ms
2017-12-06 12:28:41.293  INFO 7297 --- [localhost-startStop-1] o.s.b.w.servlet.ServletRegistrationBean  : Mapping servlet: 'dispatcherServlet' to [/]
2017-12-06 12:28:41.299  INFO 7297 --- [localhost-startStop-1] o.s.b.w.servlet.FilterRegistrationBean   : Mapping filter: 'characterEncodingFilter' to: [/*]
2017-12-06 12:28:41.300  INFO 7297 --- [localhost-startStop-1] o.s.b.w.servlet.FilterRegistrationBean   : Mapping filter: 'hiddenHttpMethodFilter' to: [/*]
2017-12-06 12:28:41.301  INFO 7297 --- [localhost-startStop-1] o.s.b.w.servlet.FilterRegistrationBean   : Mapping filter: 'httpPutFormContentFilter' to: [/*]
2017-12-06 12:28:41.301  INFO 7297 --- [localhost-startStop-1] o.s.b.w.servlet.FilterRegistrationBean   : Mapping filter: 'requestContextFilter' to: [/*]
2017-12-06 12:28:41.917  INFO 7297 --- [main] s.w.s.m.m.a.RequestMappingHandlerAdapter : Looking for @ControllerAdvice: org.springframework.boot.context.embedded.AnnotationConfigEmbeddedWebApplicationContext@27ce24aa: startup date [Wed Dec 06 12:28:38 IST 2017]; root of context hierarchy
2017-12-06 12:28:42.114  INFO 7297 --- [main] s.w.s.m.m.a.RequestMappingHandlerMapping : Mapped "{[/app/hello]}" onto public java.lang.String com.rvc.info.HelloWorld.helloWorld()
2017-12-06 12:28:42.117  INFO 7297 --- [main] s.w.s.m.m.a.RequestMappingHandlerMapping : Mapped "{[/user]}" onto public com.rvc.info.User com.rvc.info.JSONDemo.getUser()
2017-12-06 12:28:42.119  INFO 7297 --- [main] s.w.s.m.m.a.RequestMappingHandlerMapping : Mapped "{[/student/all]}" onto public java.util.List<com.rvc.info.student.Student> com.rvc.info.student.service.RestStudent.getAll()
2017-12-06 12:28:42.121  INFO 7297 --- [main] s.w.s.m.m.a.RequestMappingHandlerMapping : Mapped "{[/student/{id}]}" onto public com.rvc.info.student.Student com.rvc.info.student.service.RestStudent.getStudent(java.lang.Integer)
2017-12-06 12:28:42.125  INFO 7297 --- [main] s.w.s.m.m.a.RequestMappingHandlerMapping : Mapped "{[/error],produces=[text/html]}" onto public org.springframework.web.servlet.ModelAndView org.springframework.boot.autoconfigure.web.BasicErrorController.errorHtml(javax.servlet.http.HttpServletRequest,javax.servlet.http.HttpServletResponse)
2017-12-06 12:28:42.127  INFO 7297 --- [main] s.w.s.m.m.a.RequestMappingHandlerMapping : Mapped "{[/error]}" onto public org.springframework.http.ResponseEntity<java.util.Map<java.lang.String, java.lang.Object>> org.springframework.boot.autoconfigure.web.BasicErrorController.error(javax.servlet.http.HttpServletRequest)
2017-12-06 12:28:42.196  INFO 7297 --- [main] o.s.w.s.handler.SimpleUrlHandlerMapping  : Mapped URL path [/webjars/**] onto handler of type [class org.springframework.web.servlet.resource.ResourceHttpRequestHandler]
2017-12-06 12:28:42.197  INFO 7297 --- [main] o.s.w.s.handler.SimpleUrlHandlerMapping  : Mapped URL path [/**] onto handler of type [class org.springframework.web.servlet.resource.ResourceHttpRequestHandler]
2017-12-06 12:28:42.299  INFO 7297 --- [main] o.s.w.s.handler.SimpleUrlHandlerMapping  : Mapped URL path [/**/favicon.ico] onto handler of type [class org.springframework.web.servlet.resource.ResourceHttpRequestHandler]
2017-12-06 12:28:42.633  INFO 7297 --- [main] o.s.j.e.a.AnnotationMBeanExporter        : Registering beans for JMX exposure on startup
2017-12-06 12:28:42.780  INFO 7297 --- [main] s.b.c.e.t.TomcatEmbeddedServletContainer : Tomcat started on port(s): 8080 (http)
2017-12-06 12:28:42.799  INFO 7297 --- [main] com.rvc.info.FirstApp                    : Started FirstApp in 5.393 seconds (JVM running for 5.928)
2017-12-06 12:29:48.559  INFO 7297 --- [Thread-2] ationConfigEmbeddedWebApplicationContext : Closing org.springframework.boot.context.embedded.AnnotationConfigEmbeddedWebApplicationContext@27ce24aa: startup date [Wed Dec 06 12:28:38 IST 2017]; root of context hierarchy
2017-12-06 12:29:48.563  INFO 7297 --- [Thread-2] o.s.j.e.a.AnnotationMBeanExporter        : Unregistering JMX-exposed beans on shutdown
2017-12-06 12:29:50.302  INFO 7391 --- [main] com.rvc.info.FirstApp                    : Starting FirstApp on ranjit-vostro-1540 with PID 7391 (/home/ranjit/Documents/STS/FirstSpringBoot/target/classes started by ranjit in /home/ranjit/Documents/STS/FirstSpringBoot)
2017-12-06 12:29:50.304 DEBUG 7391 --- [main] com.rvc.info.FirstApp                    : Running with Spring Boot v1.4.7.RELEASE, Spring v4.3.9.RELEASE
2017-12-06 12:29:50.304  INFO 7391 --- [main] com.rvc.info.FirstApp                    : No active profile set, falling back to default profiles: default
2017-12-06 12:29:50.434  INFO 7391 --- [main] ationConfigEmbeddedWebApplicationContext : Refreshing org.springframework.boot.context.embedded.AnnotationConfigEmbeddedWebApplicationContext@27ce24aa: startup date [Wed Dec 06 12:29:50 IST 2017]; root of context hierarchy
2017-12-06 12:29:53.033  INFO 7391 --- [main] s.b.c.e.t.TomcatEmbeddedServletContainer : Tomcat initialized with port(s): 8080 (http)
2017-12-06 12:29:53.059  INFO 7391 --- [main] o.apache.catalina.core.StandardService   : Starting service [Tomcat]
2017-12-06 12:29:53.061  INFO 7391 --- [main] org.apache.catalina.core.StandardEngine  : Starting Servlet Engine: Apache Tomcat/8.5.15
2017-12-06 12:29:53.274  INFO 7391 --- [localhost-startStop-1] o.a.c.c.C.[Tomcat].[localhost].[/]       : Initializing Spring embedded WebApplicationContext
2017-12-06 12:29:53.275  INFO 7391 --- [localhost-startStop-1] o.s.web.context.ContextLoader            : Root WebApplicationContext: initialization completed in 2847 ms
2017-12-06 12:29:53.503  INFO 7391 --- [localhost-startStop-1] o.s.b.w.servlet.ServletRegistrationBean  : Mapping servlet: 'dispatcherServlet' to [/]
2017-12-06 12:29:53.509  INFO 7391 --- [localhost-startStop-1] o.s.b.w.servlet.FilterRegistrationBean   : Mapping filter: 'characterEncodingFilter' to: [/*]
2017-12-06 12:29:53.510  INFO 7391 --- [localhost-startStop-1] o.s.b.w.servlet.FilterRegistrationBean   : Mapping filter: 'hiddenHttpMethodFilter' to: [/*]
2017-12-06 12:29:53.510  INFO 7391 --- [localhost-startStop-1] o.s.b.w.servlet.FilterRegistrationBean   : Mapping filter: 'httpPutFormContentFilter' to: [/*]
2017-12-06 12:29:53.510  INFO 7391 --- [localhost-startStop-1] o.s.b.w.servlet.FilterRegistrationBean   : Mapping filter: 'requestContextFilter' to: [/*]
2017-12-06 12:29:54.079  INFO 7391 --- [main] s.w.s.m.m.a.RequestMappingHandlerAdapter : Looking for @ControllerAdvice: org.springframework.boot.context.embedded.AnnotationConfigEmbeddedWebApplicationContext@27ce24aa: startup date [Wed Dec 06 12:29:50 IST 2017]; root of context hierarchy
2017-12-06 12:29:54.212  INFO 7391 --- [main] s.w.s.m.m.a.RequestMappingHandlerMapping : Mapped "{[/app/hello]}" onto public java.lang.String com.rvc.info.HelloWorld.helloWorld()
2017-12-06 12:29:54.218  INFO 7391 --- [main] s.w.s.m.m.a.RequestMappingHandlerMapping : Mapped "{[/user]}" onto public com.rvc.info.User com.rvc.info.JSONDemo.getUser()
2017-12-06 12:29:54.221  INFO 7391 --- [main] s.w.s.m.m.a.RequestMappingHandlerMapping : Mapped "{[/student/all]}" onto public java.util.List<com.rvc.info.student.Student> com.rvc.info.student.service.RestStudent.getAll()
2017-12-06 12:29:54.222  INFO 7391 --- [main] s.w.s.m.m.a.RequestMappingHandlerMapping : Mapped "{[/student/{id}]}" onto public com.rvc.info.student.Student com.rvc.info.student.service.RestStudent.getStudent(java.lang.Integer)
2017-12-06 12:29:54.227  INFO 7391 --- [main] s.w.s.m.m.a.RequestMappingHandlerMapping : Mapped "{[/error],produces=[text/html]}" onto public org.springframework.web.servlet.ModelAndView org.springframework.boot.autoconfigure.web.BasicErrorController.errorHtml(javax.servlet.http.HttpServletRequest,javax.servlet.http.HttpServletResponse)
2017-12-06 12:29:54.228  INFO 7391 --- [main] s.w.s.m.m.a.RequestMappingHandlerMapping : Mapped "{[/error]}" onto public org.springframework.http.ResponseEntity<java.util.Map<java.lang.String, java.lang.Object>> org.springframework.boot.autoconfigure.web.BasicErrorController.error(javax.servlet.http.HttpServletRequest)
2017-12-06 12:29:54.284  INFO 7391 --- [main] o.s.w.s.handler.SimpleUrlHandlerMapping  : Mapped URL path [/webjars/**] onto handler of type [class org.springframework.web.servlet.resource.ResourceHttpRequestHandler]
2017-12-06 12:29:54.284  INFO 7391 --- [main] o.s.w.s.handler.SimpleUrlHandlerMapping  : Mapped URL path [/**] onto handler of type [class org.springframework.web.servlet.resource.ResourceHttpRequestHandler]
2017-12-06 12:29:54.394  INFO 7391 --- [main] o.s.w.s.handler.SimpleUrlHandlerMapping  : Mapped URL path [/**/favicon.ico] onto handler of type [class org.springframework.web.servlet.resource.ResourceHttpRequestHandler]
2017-12-06 12:29:54.748  INFO 7391 --- [main] o.s.j.e.a.AnnotationMBeanExporter        : Registering beans for JMX exposure on startup
2017-12-06 12:29:54.854  INFO 7391 --- [main] s.b.c.e.t.TomcatEmbeddedServletContainer : Tomcat started on port(s): 8080 (http)
2017-12-06 12:29:54.863  INFO 7391 --- [main] com.rvc.info.FirstApp                    : Started FirstApp in 5.227 seconds (JVM running for 5.721)
2017-12-06 12:37:10.887  INFO 7391 --- [Thread-2] ationConfigEmbeddedWebApplicationContext : Closing org.springframework.boot.context.embedded.AnnotationConfigEmbeddedWebApplicationContext@27ce24aa: startup date [Wed Dec 06 12:29:50 IST 2017]; root of context hierarchy
2017-12-06 12:37:10.890  INFO 7391 --- [Thread-2] o.s.j.e.a.AnnotationMBeanExporter        : Unregistering JMX-exposed beans on shutdown
2017-12-06 12:37:12.614  INFO 7624 --- [main] com.rvc.info.FirstApp                    : Starting FirstApp on ranjit-vostro-1540 with PID 7624 (/home/ranjit/Documents/STS/FirstSpringBoot/target/classes started by ranjit in /home/ranjit/Documents/STS/FirstSpringBoot)
2017-12-06 12:37:12.636 DEBUG 7624 --- [main] com.rvc.info.FirstApp                    : Running with Spring Boot v1.4.7.RELEASE, Spring v4.3.9.RELEASE
2017-12-06 12:37:12.637  INFO 7624 --- [main] com.rvc.info.FirstApp                    : No active profile set, falling back to default profiles: default
2017-12-06 12:37:12.821  INFO 7624 --- [main] ationConfigEmbeddedWebApplicationContext : Refreshing org.springframework.boot.context.embedded.AnnotationConfigEmbeddedWebApplicationContext@4f209819: startup date [Wed Dec 06 12:37:12 IST 2017]; root of context hierarchy
2017-12-06 12:37:15.708  INFO 7624 --- [main] s.b.c.e.t.TomcatEmbeddedServletContainer : Tomcat initialized with port(s): 8080 (http)
2017-12-06 12:37:15.736  INFO 7624 --- [main] o.apache.catalina.core.StandardService   : Starting service [Tomcat]
2017-12-06 12:37:15.738  INFO 7624 --- [main] org.apache.catalina.core.StandardEngine  : Starting Servlet Engine: Apache Tomcat/8.5.15
2017-12-06 12:37:15.965  INFO 7624 --- [localhost-startStop-1] o.a.c.c.C.[Tomcat].[localhost].[/]       : Initializing Spring embedded WebApplicationContext
2017-12-06 12:37:15.966  INFO 7624 --- [localhost-startStop-1] o.s.web.context.ContextLoader            : Root WebApplicationContext: initialization completed in 3151 ms
2017-12-06 12:37:16.200  INFO 7624 --- [localhost-startStop-1] o.s.b.w.servlet.ServletRegistrationBean  : Mapping servlet: 'dispatcherServlet' to [/]
2017-12-06 12:37:16.208  INFO 7624 --- [localhost-startStop-1] o.s.b.w.servlet.FilterRegistrationBean   : Mapping filter: 'characterEncodingFilter' to: [/*]
2017-12-06 12:37:16.209  INFO 7624 --- [localhost-startStop-1] o.s.b.w.servlet.FilterRegistrationBean   : Mapping filter: 'hiddenHttpMethodFilter' to: [/*]
2017-12-06 12:37:16.210  INFO 7624 --- [localhost-startStop-1] o.s.b.w.servlet.FilterRegistrationBean   : Mapping filter: 'httpPutFormContentFilter' to: [/*]
2017-12-06 12:37:16.211  INFO 7624 --- [localhost-startStop-1] o.s.b.w.servlet.FilterRegistrationBean   : Mapping filter: 'requestContextFilter' to: [/*]
2017-12-06 12:37:16.820  INFO 7624 --- [main] s.w.s.m.m.a.RequestMappingHandlerAdapter : Looking for @ControllerAdvice: org.springframework.boot.context.embedded.AnnotationConfigEmbeddedWebApplicationContext@4f209819: startup date [Wed Dec 06 12:37:12 IST 2017]; root of context hierarchy
2017-12-06 12:37:17.046  INFO 7624 --- [main] s.w.s.m.m.a.RequestMappingHandlerMapping : Mapped "{[/app/hello]}" onto public java.lang.String com.rvc.info.HelloWorld.helloWorld()
2017-12-06 12:37:17.056  INFO 7624 --- [main] s.w.s.m.m.a.RequestMappingHandlerMapping : Mapped "{[/user]}" onto public com.rvc.info.User com.rvc.info.JSONDemo.getUser()
2017-12-06 12:37:17.060  INFO 7624 --- [main] s.w.s.m.m.a.RequestMappingHandlerMapping : Mapped "{[/student/all]}" onto public java.util.List<com.rvc.info.student.Student> com.rvc.info.student.service.RestStudent.getAll()
2017-12-06 12:37:17.068  INFO 7624 --- [main] s.w.s.m.m.a.RequestMappingHandlerMapping : Mapped "{[/student/{id}]}" onto public com.rvc.info.student.Student com.rvc.info.student.service.RestStudent.getStudent(java.lang.Integer)
2017-12-06 12:37:17.073  INFO 7624 --- [main] s.w.s.m.m.a.RequestMappingHandlerMapping : Mapped "{[/error],produces=[text/html]}" onto public org.springframework.web.servlet.ModelAndView org.springframework.boot.autoconfigure.web.BasicErrorController.errorHtml(javax.servlet.http.HttpServletRequest,javax.servlet.http.HttpServletResponse)
2017-12-06 12:37:17.074  INFO 7624 --- [main] s.w.s.m.m.a.RequestMappingHandlerMapping : Mapped "{[/error]}" onto public org.springframework.http.ResponseEntity<java.util.Map<java.lang.String, java.lang.Object>> org.springframework.boot.autoconfigure.web.BasicErrorController.error(javax.servlet.http.HttpServletRequest)
2017-12-06 12:37:17.132  INFO 7624 --- [main] o.s.w.s.handler.SimpleUrlHandlerMapping  : Mapped URL path [/webjars/**] onto handler of type [class org.springframework.web.servlet.resource.ResourceHttpRequestHandler]
2017-12-06 12:37:17.132  INFO 7624 --- [main] o.s.w.s.handler.SimpleUrlHandlerMapping  : Mapped URL path [/**] onto handler of type [class org.springframework.web.servlet.resource.ResourceHttpRequestHandler]
2017-12-06 12:37:17.210  INFO 7624 --- [main] o.s.w.s.handler.SimpleUrlHandlerMapping  : Mapped URL path [/**/favicon.ico] onto handler of type [class org.springframework.web.servlet.resource.ResourceHttpRequestHandler]
2017-12-06 12:37:17.544  INFO 7624 --- [main] o.s.j.e.a.AnnotationMBeanExporter        : Registering beans for JMX exposure on startup
2017-12-06 12:37:17.619  INFO 7624 --- [main] s.b.c.e.t.TomcatEmbeddedServletContainer : Tomcat started on port(s): 8080 (http)
2017-12-06 12:37:17.628  INFO 7624 --- [main] com.rvc.info.FirstApp                    : Started FirstApp in 5.7 seconds (JVM running for 6.161)
2017-12-06 12:37:17.628  INFO 7624 --- [main] com.rvc.info.FirstApp                    : Hello Db
2017-12-06 12:42:01.122  INFO 8108 --- [main] com.rvc.info.FirstApp                    : Starting FirstApp on ranjit-vostro-1540 with PID 8108 (/home/ranjit/Documents/STS/FirstSpringBoot/target/classes started by ranjit in /home/ranjit/Documents/STS/FirstSpringBoot)
2017-12-06 12:42:01.145 DEBUG 8108 --- [main] com.rvc.info.FirstApp                    : Running with Spring Boot v1.4.7.RELEASE, Spring v4.3.9.RELEASE
2017-12-06 12:42:01.146  INFO 8108 --- [main] com.rvc.info.FirstApp                    : No active profile set, falling back to default profiles: default
2017-12-06 12:42:01.207  INFO 7624 --- [Thread-2] ationConfigEmbeddedWebApplicationContext : Closing org.springframework.boot.context.embedded.AnnotationConfigEmbeddedWebApplicationContext@4f209819: startup date [Wed Dec 06 12:37:12 IST 2017]; root of context hierarchy
2017-12-06 12:42:01.211  INFO 7624 --- [Thread-2] o.s.j.e.a.AnnotationMBeanExporter        : Unregistering JMX-exposed beans on shutdown
2017-12-06 12:42:01.491  INFO 8108 --- [main] ationConfigEmbeddedWebApplicationContext : Refreshing org.springframework.boot.context.embedded.AnnotationConfigEmbeddedWebApplicationContext@4f209819: startup date [Wed Dec 06 12:42:01 IST 2017]; root of context hierarchy
2017-12-06 12:42:04.478  INFO 8158 --- [main] com.rvc.info.FirstApp                    : Starting FirstApp on ranjit-vostro-1540 with PID 8158 (/home/ranjit/Documents/STS/FirstSpringBoot/target/classes started by ranjit in /home/ranjit/Documents/STS/FirstSpringBoot)
2017-12-06 12:42:04.483 DEBUG 8158 --- [main] com.rvc.info.FirstApp                    : Running with Spring Boot v1.4.7.RELEASE, Spring v4.3.9.RELEASE
2017-12-06 12:42:04.484  INFO 8158 --- [main] com.rvc.info.FirstApp                    : No active profile set, falling back to default profiles: default
2017-12-06 12:42:04.613  INFO 8158 --- [main] ationConfigEmbeddedWebApplicationContext : Refreshing org.springframework.boot.context.embedded.AnnotationConfigEmbeddedWebApplicationContext@4f209819: startup date [Wed Dec 06 12:42:04 IST 2017]; root of context hierarchy
2017-12-06 12:42:08.106  INFO 8158 --- [main] s.b.c.e.t.TomcatEmbeddedServletContainer : Tomcat initialized with port(s): 8080 (http)
2017-12-06 12:42:08.139  INFO 8158 --- [main] o.apache.catalina.core.StandardService   : Starting service [Tomcat]
2017-12-06 12:42:08.141  INFO 8158 --- [main] org.apache.catalina.core.StandardEngine  : Starting Servlet Engine: Apache Tomcat/8.5.15
2017-12-06 12:42:08.334  INFO 8158 --- [localhost-startStop-1] o.a.c.c.C.[Tomcat].[localhost].[/]       : Initializing Spring embedded WebApplicationContext
2017-12-06 12:42:08.334  INFO 8158 --- [localhost-startStop-1] o.s.web.context.ContextLoader            : Root WebApplicationContext: initialization completed in 3728 ms
2017-12-06 12:42:08.641  INFO 8158 --- [localhost-startStop-1] o.s.b.w.servlet.ServletRegistrationBean  : Mapping servlet: 'dispatcherServlet' to [/]
2017-12-06 12:42:08.649  INFO 8158 --- [localhost-startStop-1] o.s.b.w.servlet.FilterRegistrationBean   : Mapping filter: 'characterEncodingFilter' to: [/*]
2017-12-06 12:42:08.650  INFO 8158 --- [localhost-startStop-1] o.s.b.w.servlet.FilterRegistrationBean   : Mapping filter: 'hiddenHttpMethodFilter' to: [/*]
2017-12-06 12:42:08.651  INFO 8158 --- [localhost-startStop-1] o.s.b.w.servlet.FilterRegistrationBean   : Mapping filter: 'httpPutFormContentFilter' to: [/*]
2017-12-06 12:42:08.651  INFO 8158 --- [localhost-startStop-1] o.s.b.w.servlet.FilterRegistrationBean   : Mapping filter: 'requestContextFilter' to: [/*]
2017-12-06 12:42:09.541  INFO 8158 --- [main] s.w.s.m.m.a.RequestMappingHandlerAdapter : Looking for @ControllerAdvice: org.springframework.boot.context.embedded.AnnotationConfigEmbeddedWebApplicationContext@4f209819: startup date [Wed Dec 06 12:42:04 IST 2017]; root of context hierarchy
2017-12-06 12:42:09.880  INFO 8158 --- [main] s.w.s.m.m.a.RequestMappingHandlerMapping : Mapped "{[/app/hello]}" onto public java.lang.String com.rvc.info.HelloWorld.helloWorld()
2017-12-06 12:42:09.908  INFO 8158 --- [main] s.w.s.m.m.a.RequestMappingHandlerMapping : Mapped "{[/user]}" onto public com.rvc.info.User com.rvc.info.JSONDemo.getUser()
2017-12-06 12:42:09.918  INFO 8158 --- [main] s.w.s.m.m.a.RequestMappingHandlerMapping : Mapped "{[/student/all]}" onto public java.util.List<com.rvc.info.student.Student> com.rvc.info.student.service.RestStudent.getAll()
2017-12-06 12:42:09.919  INFO 8158 --- [main] s.w.s.m.m.a.RequestMappingHandlerMapping : Mapped "{[/student/{id}]}" onto public com.rvc.info.student.Student com.rvc.info.student.service.RestStudent.getStudent(java.lang.Integer)
2017-12-06 12:42:09.926  INFO 8158 --- [main] s.w.s.m.m.a.RequestMappingHandlerMapping : Mapped "{[/error],produces=[text/html]}" onto public org.springframework.web.servlet.ModelAndView org.springframework.boot.autoconfigure.web.BasicErrorController.errorHtml(javax.servlet.http.HttpServletRequest,javax.servlet.http.HttpServletResponse)
2017-12-06 12:42:09.928  INFO 8158 --- [main] s.w.s.m.m.a.RequestMappingHandlerMapping : Mapped "{[/error]}" onto public org.springframework.http.ResponseEntity<java.util.Map<java.lang.String, java.lang.Object>> org.springframework.boot.autoconfigure.web.BasicErrorController.error(javax.servlet.http.HttpServletRequest)
2017-12-06 12:42:09.987  INFO 8158 --- [main] o.s.w.s.handler.SimpleUrlHandlerMapping  : Mapped URL path [/webjars/**] onto handler of type [class org.springframework.web.servlet.resource.ResourceHttpRequestHandler]
2017-12-06 12:42:09.988  INFO 8158 --- [main] o.s.w.s.handler.SimpleUrlHandlerMapping  : Mapped URL path [/**] onto handler of type [class org.springframework.web.servlet.resource.ResourceHttpRequestHandler]
2017-12-06 12:42:10.125  INFO 8158 --- [main] o.s.w.s.handler.SimpleUrlHandlerMapping  : Mapped URL path [/**/favicon.ico] onto handler of type [class org.springframework.web.servlet.resource.ResourceHttpRequestHandler]
2017-12-06 12:42:10.559  INFO 8158 --- [main] o.s.j.e.a.AnnotationMBeanExporter        : Registering beans for JMX exposure on startup
2017-12-06 12:42:10.712  INFO 8158 --- [main] s.b.c.e.t.TomcatEmbeddedServletContainer : Tomcat started on port(s): 8080 (http)
2017-12-06 12:42:10.723  INFO 8158 --- [main] com.rvc.info.FirstApp                    : Started FirstApp in 7.156 seconds (JVM running for 7.85)
2017-12-06 12:42:10.723  INFO 8158 --- [main] com.rvc.info.FirstApp                    : Hello Db
2017-12-06 12:55:12.809  INFO 8158 --- [Thread-2] ationConfigEmbeddedWebApplicationContext : Closing org.springframework.boot.context.embedded.AnnotationConfigEmbeddedWebApplicationContext@4f209819: startup date [Wed Dec 06 12:42:04 IST 2017]; root of context hierarchy
2017-12-06 12:55:12.813  INFO 8158 --- [Thread-2] o.s.j.e.a.AnnotationMBeanExporter        : Unregistering JMX-exposed beans on shutdown
2017-12-06 12:55:14.829  INFO 8752 --- [main] com.rvc.info.FirstApp                    : Starting FirstApp on ranjit-vostro-1540 with PID 8752 (/home/ranjit/Documents/STS/FirstSpringBoot/target/classes started by ranjit in /home/ranjit/Documents/STS/FirstSpringBoot)
2017-12-06 12:55:14.835 DEBUG 8752 --- [main] com.rvc.info.FirstApp                    : Running with Spring Boot v1.4.7.RELEASE, Spring v4.3.9.RELEASE
2017-12-06 12:55:14.836  INFO 8752 --- [main] com.rvc.info.FirstApp                    : No active profile set, falling back to default profiles: default
2017-12-06 12:55:14.981  INFO 8752 --- [main] ationConfigEmbeddedWebApplicationContext : Refreshing org.springframework.boot.context.embedded.AnnotationConfigEmbeddedWebApplicationContext@4f209819: startup date [Wed Dec 06 12:55:14 IST 2017]; root of context hierarchy
2017-12-06 12:55:18.481  INFO 8752 --- [main] s.b.c.e.t.TomcatEmbeddedServletContainer : Tomcat initialized with port(s): 8080 (http)
2017-12-06 12:55:18.521  INFO 8752 --- [main] o.apache.catalina.core.StandardService   : Starting service [Tomcat]
2017-12-06 12:55:18.530  INFO 8752 --- [main] org.apache.catalina.core.StandardEngine  : Starting Servlet Engine: Apache Tomcat/8.5.15
2017-12-06 12:55:18.872  INFO 8752 --- [localhost-startStop-1] o.a.c.c.C.[Tomcat].[localhost].[/]       : Initializing Spring embedded WebApplicationContext
2017-12-06 12:55:18.873  INFO 8752 --- [localhost-startStop-1] o.s.web.context.ContextLoader            : Root WebApplicationContext: initialization completed in 3901 ms
2017-12-06 12:55:19.327  INFO 8752 --- [localhost-startStop-1] o.s.b.w.servlet.ServletRegistrationBean  : Mapping servlet: 'dispatcherServlet' to [/]
2017-12-06 12:55:19.335  INFO 8752 --- [localhost-startStop-1] o.s.b.w.servlet.FilterRegistrationBean   : Mapping filter: 'characterEncodingFilter' to: [/*]
2017-12-06 12:55:19.336  INFO 8752 --- [localhost-startStop-1] o.s.b.w.servlet.FilterRegistrationBean   : Mapping filter: 'hiddenHttpMethodFilter' to: [/*]
2017-12-06 12:55:19.337  INFO 8752 --- [localhost-startStop-1] o.s.b.w.servlet.FilterRegistrationBean   : Mapping filter: 'httpPutFormContentFilter' to: [/*]
2017-12-06 12:55:19.337  INFO 8752 --- [localhost-startStop-1] o.s.b.w.servlet.FilterRegistrationBean   : Mapping filter: 'requestContextFilter' to: [/*]
2017-12-06 12:55:20.068  INFO 8752 --- [main] s.w.s.m.m.a.RequestMappingHandlerAdapter : Looking for @ControllerAdvice: org.springframework.boot.context.embedded.AnnotationConfigEmbeddedWebApplicationContext@4f209819: startup date [Wed Dec 06 12:55:14 IST 2017]; root of context hierarchy
2017-12-06 12:55:20.239  INFO 8752 --- [main] s.w.s.m.m.a.RequestMappingHandlerMapping : Mapped "{[/app/hello]}" onto public java.lang.String com.rvc.info.HelloWorld.helloWorld()
2017-12-06 12:55:20.245  INFO 8752 --- [main] s.w.s.m.m.a.RequestMappingHandlerMapping : Mapped "{[/user]}" onto public com.rvc.info.User com.rvc.info.JSONDemo.getUser()
2017-12-06 12:55:20.253  INFO 8752 --- [main] s.w.s.m.m.a.RequestMappingHandlerMapping : Mapped "{[/student/all]}" onto public java.util.List<com.rvc.info.student.Student> com.rvc.info.student.service.RestStudent.getAll()
2017-12-06 12:55:20.254  INFO 8752 --- [main] s.w.s.m.m.a.RequestMappingHandlerMapping : Mapped "{[/student/{id}]}" onto public com.rvc.info.student.Student com.rvc.info.student.service.RestStudent.getStudent(java.lang.Integer)
2017-12-06 12:55:20.268  INFO 8752 --- [main] s.w.s.m.m.a.RequestMappingHandlerMapping : Mapped "{[/error],produces=[text/html]}" onto public org.springframework.web.servlet.ModelAndView org.springframework.boot.autoconfigure.web.BasicErrorController.errorHtml(javax.servlet.http.HttpServletRequest,javax.servlet.http.HttpServletResponse)
2017-12-06 12:55:20.270  INFO 8752 --- [main] s.w.s.m.m.a.RequestMappingHandlerMapping : Mapped "{[/error]}" onto public org.springframework.http.ResponseEntity<java.util.Map<java.lang.String, java.lang.Object>> org.springframework.boot.autoconfigure.web.BasicErrorController.error(javax.servlet.http.HttpServletRequest)
2017-12-06 12:55:20.360  INFO 8752 --- [main] o.s.w.s.handler.SimpleUrlHandlerMapping  : Mapped URL path [/webjars/**] onto handler of type [class org.springframework.web.servlet.resource.ResourceHttpRequestHandler]
2017-12-06 12:55:20.361  INFO 8752 --- [main] o.s.w.s.handler.SimpleUrlHandlerMapping  : Mapped URL path [/**] onto handler of type [class org.springframework.web.servlet.resource.ResourceHttpRequestHandler]
2017-12-06 12:55:20.462  INFO 8752 --- [main] o.s.w.s.handler.SimpleUrlHandlerMapping  : Mapped URL path [/**/favicon.ico] onto handler of type [class org.springframework.web.servlet.resource.ResourceHttpRequestHandler]
2017-12-06 12:55:20.814  INFO 8752 --- [main] o.s.j.e.a.AnnotationMBeanExporter        : Registering beans for JMX exposure on startup
2017-12-06 12:55:20.951  INFO 8752 --- [main] s.b.c.e.t.TomcatEmbeddedServletContainer : Tomcat started on port(s): 8080 (http)
2017-12-06 12:55:20.964  INFO 8752 --- [main] com.rvc.info.FirstApp                    : Started FirstApp in 6.921 seconds (JVM running for 7.554)
2017-12-06 12:55:20.965  INFO 8752 --- [main] com.rvc.info.FirstApp                    : Hello Db
2017-12-06 12:56:14.322  INFO 8752 --- [Thread-2] ationConfigEmbeddedWebApplicationContext : Closing org.springframework.boot.context.embedded.AnnotationConfigEmbeddedWebApplicationContext@4f209819: startup date [Wed Dec 06 12:55:14 IST 2017]; root of context hierarchy
2017-12-06 12:56:14.325  INFO 8752 --- [Thread-2] o.s.j.e.a.AnnotationMBeanExporter        : Unregistering JMX-exposed beans on shutdown
2017-12-06 12:56:16.337  INFO 8839 --- [main] com.rvc.info.FirstApp                    : Starting FirstApp on ranjit-vostro-1540 with PID 8839 (/home/ranjit/Documents/STS/FirstSpringBoot/target/classes started by ranjit in /home/ranjit/Documents/STS/FirstSpringBoot)
2017-12-06 12:56:16.353 DEBUG 8839 --- [main] com.rvc.info.FirstApp                    : Running with Spring Boot v1.4.7.RELEASE, Spring v4.3.9.RELEASE
2017-12-06 12:56:16.354  INFO 8839 --- [main] com.rvc.info.FirstApp                    : No active profile set, falling back to default profiles: default
2017-12-06 12:56:16.565  INFO 8839 --- [main] ationConfigEmbeddedWebApplicationContext : Refreshing org.springframework.boot.context.embedded.AnnotationConfigEmbeddedWebApplicationContext@4f209819: startup date [Wed Dec 06 12:56:16 IST 2017]; root of context hierarchy
2017-12-06 12:56:20.170  INFO 8839 --- [main] s.b.c.e.t.TomcatEmbeddedServletContainer : Tomcat initialized with port(s): 8080 (http)
2017-12-06 12:56:20.226  INFO 8839 --- [main] o.apache.catalina.core.StandardService   : Starting service [Tomcat]
2017-12-06 12:56:20.228  INFO 8839 --- [main] org.apache.catalina.core.StandardEngine  : Starting Servlet Engine: Apache Tomcat/8.5.15
2017-12-06 12:56:20.430  INFO 8839 --- [localhost-startStop-1] o.a.c.c.C.[Tomcat].[localhost].[/]       : Initializing Spring embedded WebApplicationContext
2017-12-06 12:56:20.431  INFO 8839 --- [localhost-startStop-1] o.s.web.context.ContextLoader            : Root WebApplicationContext: initialization completed in 3872 ms
2017-12-06 12:56:20.754  INFO 8839 --- [localhost-startStop-1] o.s.b.w.servlet.ServletRegistrationBean  : Mapping servlet: 'dispatcherServlet' to [/]
2017-12-06 12:56:20.765  INFO 8839 --- [localhost-startStop-1] o.s.b.w.servlet.FilterRegistrationBean   : Mapping filter: 'characterEncodingFilter' to: [/*]
2017-12-06 12:56:20.765  INFO 8839 --- [localhost-startStop-1] o.s.b.w.servlet.FilterRegistrationBean   : Mapping filter: 'hiddenHttpMethodFilter' to: [/*]
2017-12-06 12:56:20.766  INFO 8839 --- [localhost-startStop-1] o.s.b.w.servlet.FilterRegistrationBean   : Mapping filter: 'httpPutFormContentFilter' to: [/*]
2017-12-06 12:56:20.766  INFO 8839 --- [localhost-startStop-1] o.s.b.w.servlet.FilterRegistrationBean   : Mapping filter: 'requestContextFilter' to: [/*]
2017-12-06 12:56:21.352  INFO 8839 --- [main] s.w.s.m.m.a.RequestMappingHandlerAdapter : Looking for @ControllerAdvice: org.springframework.boot.context.embedded.AnnotationConfigEmbeddedWebApplicationContext@4f209819: startup date [Wed Dec 06 12:56:16 IST 2017]; root of context hierarchy
2017-12-06 12:56:21.648  INFO 8839 --- [main] s.w.s.m.m.a.RequestMappingHandlerMapping : Mapped "{[/app/hello]}" onto public java.lang.String com.rvc.info.HelloWorld.helloWorld()
2017-12-06 12:56:21.652  INFO 8839 --- [main] s.w.s.m.m.a.RequestMappingHandlerMapping : Mapped "{[/user]}" onto public com.rvc.info.User com.rvc.info.JSONDemo.getUser()
2017-12-06 12:56:21.654  INFO 8839 --- [main] s.w.s.m.m.a.RequestMappingHandlerMapping : Mapped "{[/student/all]}" onto public java.util.List<com.rvc.info.student.Student> com.rvc.info.student.service.RestStudent.getAll()
2017-12-06 12:56:21.655  INFO 8839 --- [main] s.w.s.m.m.a.RequestMappingHandlerMapping : Mapped "{[/student/{id}]}" onto public com.rvc.info.student.Student com.rvc.info.student.service.RestStudent.getStudent(java.lang.Integer)
2017-12-06 12:56:21.661  INFO 8839 --- [main] s.w.s.m.m.a.RequestMappingHandlerMapping : Mapped "{[/error],produces=[text/html]}" onto public org.springframework.web.servlet.ModelAndView org.springframework.boot.autoconfigure.web.BasicErrorController.errorHtml(javax.servlet.http.HttpServletRequest,javax.servlet.http.HttpServletResponse)
2017-12-06 12:56:21.662  INFO 8839 --- [main] s.w.s.m.m.a.RequestMappingHandlerMapping : Mapped "{[/error]}" onto public org.springframework.http.ResponseEntity<java.util.Map<java.lang.String, java.lang.Object>> org.springframework.boot.autoconfigure.web.BasicErrorController.error(javax.servlet.http.HttpServletRequest)
2017-12-06 12:56:21.726  INFO 8839 --- [main] o.s.w.s.handler.SimpleUrlHandlerMapping  : Mapped URL path [/webjars/**] onto handler of type [class org.springframework.web.servlet.resource.ResourceHttpRequestHandler]
2017-12-06 12:56:21.727  INFO 8839 --- [main] o.s.w.s.handler.SimpleUrlHandlerMapping  : Mapped URL path [/**] onto handler of type [class org.springframework.web.servlet.resource.ResourceHttpRequestHandler]
2017-12-06 12:56:21.808  INFO 8839 --- [main] o.s.w.s.handler.SimpleUrlHandlerMapping  : Mapped URL path [/**/favicon.ico] onto handler of type [class org.springframework.web.servlet.resource.ResourceHttpRequestHandler]
2017-12-06 12:56:22.147  INFO 8839 --- [main] o.s.j.e.a.AnnotationMBeanExporter        : Registering beans for JMX exposure on startup
2017-12-06 12:56:22.262  INFO 8839 --- [main] s.b.c.e.t.TomcatEmbeddedServletContainer : Tomcat started on port(s): 8080 (http)
2017-12-06 12:56:22.274  INFO 8839 --- [main] com.rvc.info.FirstApp                    : Started FirstApp in 6.751 seconds (JVM running for 7.38)
2017-12-06 12:56:22.274  INFO 8839 --- [main] com.rvc.info.FirstApp                    : Hello Db
2017-12-06 12:57:08.583  INFO 8839 --- [Thread-2] ationConfigEmbeddedWebApplicationContext : Closing org.springframework.boot.context.embedded.AnnotationConfigEmbeddedWebApplicationContext@4f209819: startup date [Wed Dec 06 12:56:16 IST 2017]; root of context hierarchy
2017-12-06 12:57:08.586  INFO 8839 --- [Thread-2] o.s.j.e.a.AnnotationMBeanExporter        : Unregistering JMX-exposed beans on shutdown
2017-12-06 12:57:10.740  INFO 8923 --- [main] com.rvc.info.FirstApp                    : Starting FirstApp on ranjit-vostro-1540 with PID 8923 (/home/ranjit/Documents/STS/FirstSpringBoot/target/classes started by ranjit in /home/ranjit/Documents/STS/FirstSpringBoot)
2017-12-06 12:57:10.746 DEBUG 8923 --- [main] com.rvc.info.FirstApp                    : Running with Spring Boot v1.4.7.RELEASE, Spring v4.3.9.RELEASE
2017-12-06 12:57:10.747  INFO 8923 --- [main] com.rvc.info.FirstApp                    : No active profile set, falling back to default profiles: default
2017-12-06 12:57:10.913  INFO 8923 --- [main] ationConfigEmbeddedWebApplicationContext : Refreshing org.springframework.boot.context.embedded.AnnotationConfigEmbeddedWebApplicationContext@4f209819: startup date [Wed Dec 06 12:57:10 IST 2017]; root of context hierarchy
2017-12-06 12:57:14.797  INFO 8923 --- [main] s.b.c.e.t.TomcatEmbeddedServletContainer : Tomcat initialized with port(s): 8080 (http)
2017-12-06 12:57:14.820  INFO 8923 --- [main] o.apache.catalina.core.StandardService   : Starting service [Tomcat]
2017-12-06 12:57:14.822  INFO 8923 --- [main] org.apache.catalina.core.StandardEngine  : Starting Servlet Engine: Apache Tomcat/8.5.15
2017-12-06 12:57:15.023  INFO 8923 --- [localhost-startStop-1] o.a.c.c.C.[Tomcat].[localhost].[/]       : Initializing Spring embedded WebApplicationContext
2017-12-06 12:57:15.024  INFO 8923 --- [localhost-startStop-1] o.s.web.context.ContextLoader            : Root WebApplicationContext: initialization completed in 4117 ms
2017-12-06 12:57:15.295  INFO 8923 --- [localhost-startStop-1] o.s.b.w.servlet.ServletRegistrationBean  : Mapping servlet: 'dispatcherServlet' to [/]
2017-12-06 12:57:15.303  INFO 8923 --- [localhost-startStop-1] o.s.b.w.servlet.FilterRegistrationBean   : Mapping filter: 'characterEncodingFilter' to: [/*]
2017-12-06 12:57:15.304  INFO 8923 --- [localhost-startStop-1] o.s.b.w.servlet.FilterRegistrationBean   : Mapping filter: 'hiddenHttpMethodFilter' to: [/*]
2017-12-06 12:57:15.305  INFO 8923 --- [localhost-startStop-1] o.s.b.w.servlet.FilterRegistrationBean   : Mapping filter: 'httpPutFormContentFilter' to: [/*]
2017-12-06 12:57:15.305  INFO 8923 --- [localhost-startStop-1] o.s.b.w.servlet.FilterRegistrationBean   : Mapping filter: 'requestContextFilter' to: [/*]
2017-12-06 12:57:15.842  INFO 8923 --- [main] s.w.s.m.m.a.RequestMappingHandlerAdapter : Looking for @ControllerAdvice: org.springframework.boot.context.embedded.AnnotationConfigEmbeddedWebApplicationContext@4f209819: startup date [Wed Dec 06 12:57:10 IST 2017]; root of context hierarchy
2017-12-06 12:57:16.065  INFO 8923 --- [main] s.w.s.m.m.a.RequestMappingHandlerMapping : Mapped "{[/app/hello]}" onto public java.lang.String com.rvc.info.HelloWorld.helloWorld()
2017-12-06 12:57:16.068  INFO 8923 --- [main] s.w.s.m.m.a.RequestMappingHandlerMapping : Mapped "{[/user]}" onto public com.rvc.info.User com.rvc.info.JSONDemo.getUser()
2017-12-06 12:57:16.070  INFO 8923 --- [main] s.w.s.m.m.a.RequestMappingHandlerMapping : Mapped "{[/student/all]}" onto public java.util.List<com.rvc.info.student.Student> com.rvc.info.student.service.RestStudent.getAll()
2017-12-06 12:57:16.072  INFO 8923 --- [main] s.w.s.m.m.a.RequestMappingHandlerMapping : Mapped "{[/student/{id}]}" onto public com.rvc.info.student.Student com.rvc.info.student.service.RestStudent.getStudent(java.lang.Integer)
2017-12-06 12:57:16.077  INFO 8923 --- [main] s.w.s.m.m.a.RequestMappingHandlerMapping : Mapped "{[/error],produces=[text/html]}" onto public org.springframework.web.servlet.ModelAndView org.springframework.boot.autoconfigure.web.BasicErrorController.errorHtml(javax.servlet.http.HttpServletRequest,javax.servlet.http.HttpServletResponse)
2017-12-06 12:57:16.079  INFO 8923 --- [main] s.w.s.m.m.a.RequestMappingHandlerMapping : Mapped "{[/error]}" onto public org.springframework.http.ResponseEntity<java.util.Map<java.lang.String, java.lang.Object>> org.springframework.boot.autoconfigure.web.BasicErrorController.error(javax.servlet.http.HttpServletRequest)
2017-12-06 12:57:16.135  INFO 8923 --- [main] o.s.w.s.handler.SimpleUrlHandlerMapping  : Mapped URL path [/webjars/**] onto handler of type [class org.springframework.web.servlet.resource.ResourceHttpRequestHandler]
2017-12-06 12:57:16.135  INFO 8923 --- [main] o.s.w.s.handler.SimpleUrlHandlerMapping  : Mapped URL path [/**] onto handler of type [class org.springframework.web.servlet.resource.ResourceHttpRequestHandler]
2017-12-06 12:57:16.211  INFO 8923 --- [main] o.s.w.s.handler.SimpleUrlHandlerMapping  : Mapped URL path [/**/favicon.ico] onto handler of type [class org.springframework.web.servlet.resource.ResourceHttpRequestHandler]
2017-12-06 12:57:16.654  INFO 8923 --- [main] o.s.j.e.a.AnnotationMBeanExporter        : Registering beans for JMX exposure on startup
2017-12-06 12:57:16.777  INFO 8923 --- [main] s.b.c.e.t.TomcatEmbeddedServletContainer : Tomcat started on port(s): 8080 (http)
2017-12-06 12:57:16.786  INFO 8923 --- [main] com.rvc.info.FirstApp                    : Started FirstApp in 7.03 seconds (JVM running for 7.597)
2017-12-06 12:57:16.787  INFO 8923 --- [main] com.rvc.info.FirstApp                    : Hello Db
2017-12-06 13:25:16.990  INFO 8923 --- [Thread-2] ationConfigEmbeddedWebApplicationContext : Closing org.springframework.boot.context.embedded.AnnotationConfigEmbeddedWebApplicationContext@4f209819: startup date [Wed Dec 06 12:57:10 IST 2017]; root of context hierarchy
2017-12-06 13:25:16.993  INFO 8923 --- [Thread-2] o.s.j.e.a.AnnotationMBeanExporter        : Unregistering JMX-exposed beans on shutdown
2017-12-06 13:25:18.904  INFO 9680 --- [main] com.rvc.info.FirstApp                    : Starting FirstApp on ranjit-vostro-1540 with PID 9680 (/home/ranjit/Documents/STS/FirstSpringBoot/target/classes started by ranjit in /home/ranjit/Documents/STS/FirstSpringBoot)
2017-12-06 13:25:18.911 DEBUG 9680 --- [main] com.rvc.info.FirstApp                    : Running with Spring Boot v1.4.7.RELEASE, Spring v4.3.9.RELEASE
2017-12-06 13:25:18.912  INFO 9680 --- [main] com.rvc.info.FirstApp                    : No active profile set, falling back to default profiles: default
2017-12-06 13:25:19.088  INFO 9680 --- [main] ationConfigEmbeddedWebApplicationContext : Refreshing org.springframework.boot.context.embedded.AnnotationConfigEmbeddedWebApplicationContext@4f209819: startup date [Wed Dec 06 13:25:19 IST 2017]; root of context hierarchy
2017-12-06 13:25:23.273  INFO 9680 --- [main] s.b.c.e.t.TomcatEmbeddedServletContainer : Tomcat initialized with port(s): 8080 (http)
2017-12-06 13:25:23.327  INFO 9680 --- [main] o.apache.catalina.core.StandardService   : Starting service [Tomcat]
2017-12-06 13:25:23.332  INFO 9680 --- [main] org.apache.catalina.core.StandardEngine  : Starting Servlet Engine: Apache Tomcat/8.5.15
2017-12-06 13:25:23.652  INFO 9680 --- [localhost-startStop-1] o.a.c.c.C.[Tomcat].[localhost].[/]       : Initializing Spring embedded WebApplicationContext
2017-12-06 13:25:23.653  INFO 9680 --- [localhost-startStop-1] o.s.web.context.ContextLoader            : Root WebApplicationContext: initialization completed in 4575 ms
2017-12-06 13:25:24.048  INFO 9680 --- [localhost-startStop-1] o.s.b.w.servlet.ServletRegistrationBean  : Mapping servlet: 'dispatcherServlet' to [/]
2017-12-06 13:25:24.066  INFO 9680 --- [localhost-startStop-1] o.s.b.w.servlet.FilterRegistrationBean   : Mapping filter: 'characterEncodingFilter' to: [/*]
2017-12-06 13:25:24.069  INFO 9680 --- [localhost-startStop-1] o.s.b.w.servlet.FilterRegistrationBean   : Mapping filter: 'hiddenHttpMethodFilter' to: [/*]
2017-12-06 13:25:24.070  INFO 9680 --- [localhost-startStop-1] o.s.b.w.servlet.FilterRegistrationBean   : Mapping filter: 'httpPutFormContentFilter' to: [/*]
2017-12-06 13:25:24.070  INFO 9680 --- [localhost-startStop-1] o.s.b.w.servlet.FilterRegistrationBean   : Mapping filter: 'requestContextFilter' to: [/*]
2017-12-06 13:25:25.007  INFO 9680 --- [main] s.w.s.m.m.a.RequestMappingHandlerAdapter : Looking for @ControllerAdvice: org.springframework.boot.context.embedded.AnnotationConfigEmbeddedWebApplicationContext@4f209819: startup date [Wed Dec 06 13:25:19 IST 2017]; root of context hierarchy
2017-12-06 13:25:25.228  INFO 9680 --- [main] s.w.s.m.m.a.RequestMappingHandlerMapping : Mapped "{[/app/hello]}" onto public java.lang.String com.rvc.info.HelloWorld.helloWorld()
2017-12-06 13:25:25.232  INFO 9680 --- [main] s.w.s.m.m.a.RequestMappingHandlerMapping : Mapped "{[/user]}" onto public com.rvc.info.User com.rvc.info.JSONDemo.getUser()
2017-12-06 13:25:25.236  INFO 9680 --- [main] s.w.s.m.m.a.RequestMappingHandlerMapping : Mapped "{[/student/all]}" onto public java.util.List<com.rvc.info.student.Student> com.rvc.info.student.service.RestStudent.getAll()
2017-12-06 13:25:25.237  INFO 9680 --- [main] s.w.s.m.m.a.RequestMappingHandlerMapping : Mapped "{[/student/{id}]}" onto public com.rvc.info.student.Student com.rvc.info.student.service.RestStudent.getStudent(java.lang.Integer)
2017-12-06 13:25:25.254  INFO 9680 --- [main] s.w.s.m.m.a.RequestMappingHandlerMapping : Mapped "{[/error],produces=[text/html]}" onto public org.springframework.web.servlet.ModelAndView org.springframework.boot.autoconfigure.web.BasicErrorController.errorHtml(javax.servlet.http.HttpServletRequest,javax.servlet.http.HttpServletResponse)
2017-12-06 13:25:25.256  INFO 9680 --- [main] s.w.s.m.m.a.RequestMappingHandlerMapping : Mapped "{[/error]}" onto public org.springframework.http.ResponseEntity<java.util.Map<java.lang.String, java.lang.Object>> org.springframework.boot.autoconfigure.web.BasicErrorController.error(javax.servlet.http.HttpServletRequest)
2017-12-06 13:25:25.323  INFO 9680 --- [main] o.s.w.s.handler.SimpleUrlHandlerMapping  : Mapped URL path [/webjars/**] onto handler of type [class org.springframework.web.servlet.resource.ResourceHttpRequestHandler]
2017-12-06 13:25:25.325  INFO 9680 --- [main] o.s.w.s.handler.SimpleUrlHandlerMapping  : Mapped URL path [/**] onto handler of type [class org.springframework.web.servlet.resource.ResourceHttpRequestHandler]
2017-12-06 13:25:25.433  INFO 9680 --- [main] o.s.w.s.handler.SimpleUrlHandlerMapping  : Mapped URL path [/**/favicon.ico] onto handler of type [class org.springframework.web.servlet.resource.ResourceHttpRequestHandler]
2017-12-06 13:25:25.813  INFO 9680 --- [main] o.s.j.e.a.AnnotationMBeanExporter        : Registering beans for JMX exposure on startup
2017-12-06 13:25:25.958  INFO 9680 --- [main] s.b.c.e.t.TomcatEmbeddedServletContainer : Tomcat started on port(s): 8080 (http)
2017-12-06 13:25:25.969  INFO 9680 --- [main] com.rvc.info.FirstApp                    : Started FirstApp in 7.891 seconds (JVM running for 8.406)
2017-12-06 13:25:25.970  INFO 9680 --- [main] com.rvc.info.FirstApp                    : Hello Db
2017-12-06 13:27:27.432  INFO 9680 --- [Thread-2] ationConfigEmbeddedWebApplicationContext : Closing org.springframework.boot.context.embedded.AnnotationConfigEmbeddedWebApplicationContext@4f209819: startup date [Wed Dec 06 13:25:19 IST 2017]; root of context hierarchy
2017-12-06 13:27:27.437  INFO 9680 --- [Thread-2] o.s.j.e.a.AnnotationMBeanExporter        : Unregistering JMX-exposed beans on shutdown
2017-12-06 13:27:29.615  INFO 9792 --- [main] com.rvc.info.FirstApp                    : Starting FirstApp on ranjit-vostro-1540 with PID 9792 (/home/ranjit/Documents/STS/FirstSpringBoot/target/classes started by ranjit in /home/ranjit/Documents/STS/FirstSpringBoot)
2017-12-06 13:27:29.636 DEBUG 9792 --- [main] com.rvc.info.FirstApp                    : Running with Spring Boot v1.4.7.RELEASE, Spring v4.3.9.RELEASE
2017-12-06 13:27:29.637  INFO 9792 --- [main] com.rvc.info.FirstApp                    : No active profile set, falling back to default profiles: default
2017-12-06 13:27:29.937  INFO 9792 --- [main] ationConfigEmbeddedWebApplicationContext : Refreshing org.springframework.boot.context.embedded.AnnotationConfigEmbeddedWebApplicationContext@4f209819: startup date [Wed Dec 06 13:27:29 IST 2017]; root of context hierarchy
2017-12-06 13:27:33.999  INFO 9792 --- [main] s.b.c.e.t.TomcatEmbeddedServletContainer : Tomcat initialized with port(s): 8080 (http)
2017-12-06 13:27:34.033  INFO 9792 --- [main] o.apache.catalina.core.StandardService   : Starting service [Tomcat]
2017-12-06 13:27:34.040  INFO 9792 --- [main] org.apache.catalina.core.StandardEngine  : Starting Servlet Engine: Apache Tomcat/8.5.15
2017-12-06 13:27:34.355  INFO 9792 --- [localhost-startStop-1] o.a.c.c.C.[Tomcat].[localhost].[/]       : Initializing Spring embedded WebApplicationContext
2017-12-06 13:27:34.356  INFO 9792 --- [localhost-startStop-1] o.s.web.context.ContextLoader            : Root WebApplicationContext: initialization completed in 4437 ms
2017-12-06 13:27:34.641  INFO 9792 --- [localhost-startStop-1] o.s.b.w.servlet.ServletRegistrationBean  : Mapping servlet: 'dispatcherServlet' to [/]
2017-12-06 13:27:34.649  INFO 9792 --- [localhost-startStop-1] o.s.b.w.servlet.FilterRegistrationBean   : Mapping filter: 'characterEncodingFilter' to: [/*]
2017-12-06 13:27:34.651  INFO 9792 --- [localhost-startStop-1] o.s.b.w.servlet.FilterRegistrationBean   : Mapping filter: 'hiddenHttpMethodFilter' to: [/*]
2017-12-06 13:27:34.658  INFO 9792 --- [localhost-startStop-1] o.s.b.w.servlet.FilterRegistrationBean   : Mapping filter: 'httpPutFormContentFilter' to: [/*]
2017-12-06 13:27:34.659  INFO 9792 --- [localhost-startStop-1] o.s.b.w.servlet.FilterRegistrationBean   : Mapping filter: 'requestContextFilter' to: [/*]
2017-12-06 13:27:35.247  INFO 9792 --- [main] s.w.s.m.m.a.RequestMappingHandlerAdapter : Looking for @ControllerAdvice: org.springframework.boot.context.embedded.AnnotationConfigEmbeddedWebApplicationContext@4f209819: startup date [Wed Dec 06 13:27:29 IST 2017]; root of context hierarchy
2017-12-06 13:27:35.392  INFO 9792 --- [main] s.w.s.m.m.a.RequestMappingHandlerMapping : Mapped "{[/app/hello]}" onto public java.lang.String com.rvc.info.HelloWorld.helloWorld()
2017-12-06 13:27:35.395  INFO 9792 --- [main] s.w.s.m.m.a.RequestMappingHandlerMapping : Mapped "{[/user]}" onto public com.rvc.info.User com.rvc.info.JSONDemo.getUser()
2017-12-06 13:27:35.403  INFO 9792 --- [main] s.w.s.m.m.a.RequestMappingHandlerMapping : Mapped "{[/student/all]}" onto public java.util.List<com.rvc.info.student.Student> com.rvc.info.student.service.RestStudent.getAll()
2017-12-06 13:27:35.404  INFO 9792 --- [main] s.w.s.m.m.a.RequestMappingHandlerMapping : Mapped "{[/student/{id}]}" onto public com.rvc.info.student.Student com.rvc.info.student.service.RestStudent.getStudent(java.lang.Integer)
2017-12-06 13:27:35.408  INFO 9792 --- [main] s.w.s.m.m.a.RequestMappingHandlerMapping : Mapped "{[/error],produces=[text/html]}" onto public org.springframework.web.servlet.ModelAndView org.springframework.boot.autoconfigure.web.BasicErrorController.errorHtml(javax.servlet.http.HttpServletRequest,javax.servlet.http.HttpServletResponse)
2017-12-06 13:27:35.409  INFO 9792 --- [main] s.w.s.m.m.a.RequestMappingHandlerMapping : Mapped "{[/error]}" onto public org.springframework.http.ResponseEntity<java.util.Map<java.lang.String, java.lang.Object>> org.springframework.boot.autoconfigure.web.BasicErrorController.error(javax.servlet.http.HttpServletRequest)
2017-12-06 13:27:35.471  INFO 9792 --- [main] o.s.w.s.handler.SimpleUrlHandlerMapping  : Mapped URL path [/webjars/**] onto handler of type [class org.springframework.web.servlet.resource.ResourceHttpRequestHandler]
2017-12-06 13:27:35.471  INFO 9792 --- [main] o.s.w.s.handler.SimpleUrlHandlerMapping  : Mapped URL path [/**] onto handler of type [class org.springframework.web.servlet.resource.ResourceHttpRequestHandler]
2017-12-06 13:27:35.538  INFO 9792 --- [main] o.s.w.s.handler.SimpleUrlHandlerMapping  : Mapped URL path [/**/favicon.ico] onto handler of type [class org.springframework.web.servlet.resource.ResourceHttpRequestHandler]
2017-12-06 13:27:35.895  INFO 9792 --- [main] o.s.j.e.a.AnnotationMBeanExporter        : Registering beans for JMX exposure on startup
2017-12-06 13:27:36.035  INFO 9792 --- [main] s.b.c.e.t.TomcatEmbeddedServletContainer : Tomcat started on port(s): 8080 (http)
2017-12-06 13:27:36.048  INFO 9792 --- [main] com.rvc.info.FirstApp                    : Started FirstApp in 7.329 seconds (JVM running for 8.007)
2017-12-06 13:27:36.049  INFO 9792 --- [main] com.rvc.info.FirstApp                    : Hello Db
2017-12-06 13:29:18.094  INFO 9792 --- [Thread-2] ationConfigEmbeddedWebApplicationContext : Closing org.springframework.boot.context.embedded.AnnotationConfigEmbeddedWebApplicationContext@4f209819: startup date [Wed Dec 06 13:27:29 IST 2017]; root of context hierarchy
2017-12-06 13:29:18.101  INFO 9792 --- [Thread-2] o.s.j.e.a.AnnotationMBeanExporter        : Unregistering JMX-exposed beans on shutdown
2017-12-06 13:29:20.005  INFO 9918 --- [main] com.rvc.info.FirstApp                    : Starting FirstApp on ranjit-vostro-1540 with PID 9918 (/home/ranjit/Documents/STS/FirstSpringBoot/target/classes started by ranjit in /home/ranjit/Documents/STS/FirstSpringBoot)
2017-12-06 13:29:20.010 DEBUG 9918 --- [main] com.rvc.info.FirstApp                    : Running with Spring Boot v1.4.7.RELEASE, Spring v4.3.9.RELEASE
2017-12-06 13:29:20.010  INFO 9918 --- [main] com.rvc.info.FirstApp                    : No active profile set, falling back to default profiles: default
2017-12-06 13:29:20.115  INFO 9918 --- [main] ationConfigEmbeddedWebApplicationContext : Refreshing org.springframework.boot.context.embedded.AnnotationConfigEmbeddedWebApplicationContext@4f209819: startup date [Wed Dec 06 13:29:20 IST 2017]; root of context hierarchy
2017-12-06 13:29:23.576  INFO 9918 --- [main] s.b.c.e.t.TomcatEmbeddedServletContainer : Tomcat initialized with port(s): 8080 (http)
2017-12-06 13:29:23.617  INFO 9918 --- [main] o.apache.catalina.core.StandardService   : Starting service [Tomcat]
2017-12-06 13:29:23.620  INFO 9918 --- [main] org.apache.catalina.core.StandardEngine  : Starting Servlet Engine: Apache Tomcat/8.5.15
2017-12-06 13:29:23.869  INFO 9918 --- [localhost-startStop-1] o.a.c.c.C.[Tomcat].[localhost].[/]       : Initializing Spring embedded WebApplicationContext
2017-12-06 13:29:23.871  INFO 9918 --- [localhost-startStop-1] o.s.web.context.ContextLoader            : Root WebApplicationContext: initialization completed in 3763 ms
2017-12-06 13:29:24.221  INFO 9918 --- [localhost-startStop-1] o.s.b.w.servlet.ServletRegistrationBean  : Mapping servlet: 'dispatcherServlet' to [/]
2017-12-06 13:29:24.231  INFO 9918 --- [localhost-startStop-1] o.s.b.w.servlet.FilterRegistrationBean   : Mapping filter: 'characterEncodingFilter' to: [/*]
2017-12-06 13:29:24.233  INFO 9918 --- [localhost-startStop-1] o.s.b.w.servlet.FilterRegistrationBean   : Mapping filter: 'hiddenHttpMethodFilter' to: [/*]
2017-12-06 13:29:24.233  INFO 9918 --- [localhost-startStop-1] o.s.b.w.servlet.FilterRegistrationBean   : Mapping filter: 'httpPutFormContentFilter' to: [/*]
2017-12-06 13:29:24.234  INFO 9918 --- [localhost-startStop-1] o.s.b.w.servlet.FilterRegistrationBean   : Mapping filter: 'requestContextFilter' to: [/*]
2017-12-06 13:29:24.915  INFO 9918 --- [main] s.w.s.m.m.a.RequestMappingHandlerAdapter : Looking for @ControllerAdvice: org.springframework.boot.context.embedded.AnnotationConfigEmbeddedWebApplicationContext@4f209819: startup date [Wed Dec 06 13:29:20 IST 2017]; root of context hierarchy
2017-12-06 13:29:25.110  INFO 9918 --- [main] s.w.s.m.m.a.RequestMappingHandlerMapping : Mapped "{[/app/hello]}" onto public java.lang.String com.rvc.info.HelloWorld.helloWorld()
2017-12-06 13:29:25.113  INFO 9918 --- [main] s.w.s.m.m.a.RequestMappingHandlerMapping : Mapped "{[/user]}" onto public com.rvc.info.User com.rvc.info.JSONDemo.getUser()
2017-12-06 13:29:25.116  INFO 9918 --- [main] s.w.s.m.m.a.RequestMappingHandlerMapping : Mapped "{[/student/all]}" onto public java.util.List<com.rvc.info.student.Student> com.rvc.info.student.service.RestStudent.getAll()
2017-12-06 13:29:25.117  INFO 9918 --- [main] s.w.s.m.m.a.RequestMappingHandlerMapping : Mapped "{[/student/{id}]}" onto public com.rvc.info.student.Student com.rvc.info.student.service.RestStudent.getStudent(java.lang.Integer)
2017-12-06 13:29:25.122  INFO 9918 --- [main] s.w.s.m.m.a.RequestMappingHandlerMapping : Mapped "{[/error],produces=[text/html]}" onto public org.springframework.web.servlet.ModelAndView org.springframework.boot.autoconfigure.web.BasicErrorController.errorHtml(javax.servlet.http.HttpServletRequest,javax.servlet.http.HttpServletResponse)
2017-12-06 13:29:25.123  INFO 9918 --- [main] s.w.s.m.m.a.RequestMappingHandlerMapping : Mapped "{[/error]}" onto public org.springframework.http.ResponseEntity<java.util.Map<java.lang.String, java.lang.Object>> org.springframework.boot.autoconfigure.web.BasicErrorController.error(javax.servlet.http.HttpServletRequest)
2017-12-06 13:29:25.186  INFO 9918 --- [main] o.s.w.s.handler.SimpleUrlHandlerMapping  : Mapped URL path [/webjars/**] onto handler of type [class org.springframework.web.servlet.resource.ResourceHttpRequestHandler]
2017-12-06 13:29:25.187  INFO 9918 --- [main] o.s.w.s.handler.SimpleUrlHandlerMapping  : Mapped URL path [/**] onto handler of type [class org.springframework.web.servlet.resource.ResourceHttpRequestHandler]
2017-12-06 13:29:25.285  INFO 9918 --- [main] o.s.w.s.handler.SimpleUrlHandlerMapping  : Mapped URL path [/**/favicon.ico] onto handler of type [class org.springframework.web.servlet.resource.ResourceHttpRequestHandler]
2017-12-06 13:29:25.583  INFO 9918 --- [main] o.s.j.e.a.AnnotationMBeanExporter        : Registering beans for JMX exposure on startup
2017-12-06 13:29:25.663  INFO 9918 --- [main] s.b.c.e.t.TomcatEmbeddedServletContainer : Tomcat started on port(s): 8080 (http)
2017-12-06 13:29:25.672  INFO 9918 --- [main] com.rvc.info.FirstApp                    : Started FirstApp in 6.41 seconds (JVM running for 6.976)
2017-12-06 13:29:25.672  INFO 9918 --- [main] com.rvc.info.FirstApp                    : Hello Db
2017-12-06 13:29:50.769  INFO 9918 --- [Thread-2] ationConfigEmbeddedWebApplicationContext : Closing org.springframework.boot.context.embedded.AnnotationConfigEmbeddedWebApplicationContext@4f209819: startup date [Wed Dec 06 13:29:20 IST 2017]; root of context hierarchy
2017-12-06 13:29:50.772  INFO 9918 --- [Thread-2] o.s.j.e.a.AnnotationMBeanExporter        : Unregistering JMX-exposed beans on shutdown
2017-12-06 13:29:52.649  INFO 10000 --- [main] com.rvc.info.FirstApp                    : Starting FirstApp on ranjit-vostro-1540 with PID 10000 (/home/ranjit/Documents/STS/FirstSpringBoot/target/classes started by ranjit in /home/ranjit/Documents/STS/FirstSpringBoot)
2017-12-06 13:29:52.655 DEBUG 10000 --- [main] com.rvc.info.FirstApp                    : Running with Spring Boot v1.4.7.RELEASE, Spring v4.3.9.RELEASE
2017-12-06 13:29:52.655  INFO 10000 --- [main] com.rvc.info.FirstApp                    : No active profile set, falling back to default profiles: default
2017-12-06 13:29:52.755  INFO 10000 --- [main] ationConfigEmbeddedWebApplicationContext : Refreshing org.springframework.boot.context.embedded.AnnotationConfigEmbeddedWebApplicationContext@4f209819: startup date [Wed Dec 06 13:29:52 IST 2017]; root of context hierarchy
2017-12-06 13:29:55.417  INFO 10000 --- [main] s.b.c.e.t.TomcatEmbeddedServletContainer : Tomcat initialized with port(s): 8080 (http)
2017-12-06 13:29:55.440  INFO 10000 --- [main] o.apache.catalina.core.StandardService   : Starting service [Tomcat]
2017-12-06 13:29:55.442  INFO 10000 --- [main] org.apache.catalina.core.StandardEngine  : Starting Servlet Engine: Apache Tomcat/8.5.15
2017-12-06 13:29:55.629  INFO 10000 --- [localhost-startStop-1] o.a.c.c.C.[Tomcat].[localhost].[/]       : Initializing Spring embedded WebApplicationContext
2017-12-06 13:29:55.629  INFO 10000 --- [localhost-startStop-1] o.s.web.context.ContextLoader            : Root WebApplicationContext: initialization completed in 2880 ms
2017-12-06 13:29:55.870  INFO 10000 --- [localhost-startStop-1] o.s.b.w.servlet.ServletRegistrationBean  : Mapping servlet: 'dispatcherServlet' to [/]
2017-12-06 13:29:55.877  INFO 10000 --- [localhost-startStop-1] o.s.b.w.servlet.FilterRegistrationBean   : Mapping filter: 'characterEncodingFilter' to: [/*]
2017-12-06 13:29:55.879  INFO 10000 --- [localhost-startStop-1] o.s.b.w.servlet.FilterRegistrationBean   : Mapping filter: 'hiddenHttpMethodFilter' to: [/*]
2017-12-06 13:29:55.889  INFO 10000 --- [localhost-startStop-1] o.s.b.w.servlet.FilterRegistrationBean   : Mapping filter: 'httpPutFormContentFilter' to: [/*]
2017-12-06 13:29:55.892  INFO 10000 --- [localhost-startStop-1] o.s.b.w.servlet.FilterRegistrationBean   : Mapping filter: 'requestContextFilter' to: [/*]
2017-12-06 13:29:56.582  INFO 10000 --- [main] s.w.s.m.m.a.RequestMappingHandlerAdapter : Looking for @ControllerAdvice: org.springframework.boot.context.embedded.AnnotationConfigEmbeddedWebApplicationContext@4f209819: startup date [Wed Dec 06 13:29:52 IST 2017]; root of context hierarchy
2017-12-06 13:29:56.749  INFO 10000 --- [main] s.w.s.m.m.a.RequestMappingHandlerMapping : Mapped "{[/app/hello]}" onto public java.lang.String com.rvc.info.HelloWorld.helloWorld()
2017-12-06 13:29:56.752  INFO 10000 --- [main] s.w.s.m.m.a.RequestMappingHandlerMapping : Mapped "{[/user]}" onto public com.rvc.info.User com.rvc.info.JSONDemo.getUser()
2017-12-06 13:29:56.755  INFO 10000 --- [main] s.w.s.m.m.a.RequestMappingHandlerMapping : Mapped "{[/student/all]}" onto public java.util.List<com.rvc.info.student.Student> com.rvc.info.student.service.RestStudent.getAll()
2017-12-06 13:29:56.757  INFO 10000 --- [main] s.w.s.m.m.a.RequestMappingHandlerMapping : Mapped "{[/student/{id}]}" onto public com.rvc.info.student.Student com.rvc.info.student.service.RestStudent.getStudent(java.lang.Integer)
2017-12-06 13:29:56.764  INFO 10000 --- [main] s.w.s.m.m.a.RequestMappingHandlerMapping : Mapped "{[/error],produces=[text/html]}" onto public org.springframework.web.servlet.ModelAndView org.springframework.boot.autoconfigure.web.BasicErrorController.errorHtml(javax.servlet.http.HttpServletRequest,javax.servlet.http.HttpServletResponse)
2017-12-06 13:29:56.765  INFO 10000 --- [main] s.w.s.m.m.a.RequestMappingHandlerMapping : Mapped "{[/error]}" onto public org.springframework.http.ResponseEntity<java.util.Map<java.lang.String, java.lang.Object>> org.springframework.boot.autoconfigure.web.BasicErrorController.error(javax.servlet.http.HttpServletRequest)
2017-12-06 13:29:56.824  INFO 10000 --- [main] o.s.w.s.handler.SimpleUrlHandlerMapping  : Mapped URL path [/webjars/**] onto handler of type [class org.springframework.web.servlet.resource.ResourceHttpRequestHandler]
2017-12-06 13:29:56.825  INFO 10000 --- [main] o.s.w.s.handler.SimpleUrlHandlerMapping  : Mapped URL path [/**] onto handler of type [class org.springframework.web.servlet.resource.ResourceHttpRequestHandler]
2017-12-06 13:29:56.902  INFO 10000 --- [main] o.s.w.s.handler.SimpleUrlHandlerMapping  : Mapped URL path [/**/favicon.ico] onto handler of type [class org.springframework.web.servlet.resource.ResourceHttpRequestHandler]
2017-12-06 13:29:57.253  INFO 10000 --- [main] o.s.j.e.a.AnnotationMBeanExporter        : Registering beans for JMX exposure on startup
2017-12-06 13:29:57.394  INFO 10000 --- [main] s.b.c.e.t.TomcatEmbeddedServletContainer : Tomcat started on port(s): 8080 (http)
2017-12-06 13:29:57.403  INFO 10000 --- [main] com.rvc.info.FirstApp                    : Started FirstApp in 5.468 seconds (JVM running for 6.025)
2017-12-06 13:29:57.403  INFO 10000 --- [main] com.rvc.info.FirstApp                    : Hello Db
2017-12-06 13:31:21.632  INFO 10000 --- [Thread-2] ationConfigEmbeddedWebApplicationContext : Closing org.springframework.boot.context.embedded.AnnotationConfigEmbeddedWebApplicationContext@4f209819: startup date [Wed Dec 06 13:29:52 IST 2017]; root of context hierarchy
2017-12-06 13:31:21.636  INFO 10000 --- [Thread-2] o.s.j.e.a.AnnotationMBeanExporter        : Unregistering JMX-exposed beans on shutdown
2017-12-06 13:31:23.457  INFO 10119 --- [main] com.rvc.info.FirstApp                    : Starting FirstApp on ranjit-vostro-1540 with PID 10119 (/home/ranjit/Documents/STS/FirstSpringBoot/target/classes started by ranjit in /home/ranjit/Documents/STS/FirstSpringBoot)
2017-12-06 13:31:23.463 DEBUG 10119 --- [main] com.rvc.info.FirstApp                    : Running with Spring Boot v1.4.7.RELEASE, Spring v4.3.9.RELEASE
2017-12-06 13:31:23.463  INFO 10119 --- [main] com.rvc.info.FirstApp                    : No active profile set, falling back to default profiles: default
2017-12-06 13:31:23.615  INFO 10119 --- [main] ationConfigEmbeddedWebApplicationContext : Refreshing org.springframework.boot.context.embedded.AnnotationConfigEmbeddedWebApplicationContext@4f209819: startup date [Wed Dec 06 13:31:23 IST 2017]; root of context hierarchy
2017-12-06 13:31:26.573  INFO 10119 --- [main] s.b.c.e.t.TomcatEmbeddedServletContainer : Tomcat initialized with port(s): 8080 (http)
2017-12-06 13:31:26.622  INFO 10119 --- [main] o.apache.catalina.core.StandardService   : Starting service [Tomcat]
2017-12-06 13:31:26.628  INFO 10119 --- [main] org.apache.catalina.core.StandardEngine  : Starting Servlet Engine: Apache Tomcat/8.5.15
2017-12-06 13:31:26.891  INFO 10119 --- [localhost-startStop-1] o.a.c.c.C.[Tomcat].[localhost].[/]       : Initializing Spring embedded WebApplicationContext
2017-12-06 13:31:26.892  INFO 10119 --- [localhost-startStop-1] o.s.web.context.ContextLoader            : Root WebApplicationContext: initialization completed in 3283 ms
2017-12-06 13:31:27.303  INFO 10119 --- [localhost-startStop-1] o.s.b.w.servlet.ServletRegistrationBean  : Mapping servlet: 'dispatcherServlet' to [/]
2017-12-06 13:31:27.319  INFO 10119 --- [localhost-startStop-1] o.s.b.w.servlet.FilterRegistrationBean   : Mapping filter: 'characterEncodingFilter' to: [/*]
2017-12-06 13:31:27.321  INFO 10119 --- [localhost-startStop-1] o.s.b.w.servlet.FilterRegistrationBean   : Mapping filter: 'hiddenHttpMethodFilter' to: [/*]
2017-12-06 13:31:27.324  INFO 10119 --- [localhost-startStop-1] o.s.b.w.servlet.FilterRegistrationBean   : Mapping filter: 'httpPutFormContentFilter' to: [/*]
2017-12-06 13:31:27.327  INFO 10119 --- [localhost-startStop-1] o.s.b.w.servlet.FilterRegistrationBean   : Mapping filter: 'requestContextFilter' to: [/*]
2017-12-06 13:31:28.060  INFO 10119 --- [main] s.w.s.m.m.a.RequestMappingHandlerAdapter : Looking for @ControllerAdvice: org.springframework.boot.context.embedded.AnnotationConfigEmbeddedWebApplicationContext@4f209819: startup date [Wed Dec 06 13:31:23 IST 2017]; root of context hierarchy
2017-12-06 13:31:28.272  INFO 10119 --- [main] s.w.s.m.m.a.RequestMappingHandlerMapping : Mapped "{[/app/hello]}" onto public java.lang.String com.rvc.info.HelloWorld.helloWorld()
2017-12-06 13:31:28.275  INFO 10119 --- [main] s.w.s.m.m.a.RequestMappingHandlerMapping : Mapped "{[/user]}" onto public com.rvc.info.User com.rvc.info.JSONDemo.getUser()
2017-12-06 13:31:28.278  INFO 10119 --- [main] s.w.s.m.m.a.RequestMappingHandlerMapping : Mapped "{[/student/all]}" onto public java.util.List<com.rvc.info.student.Student> com.rvc.info.student.service.RestStudent.getAll()
2017-12-06 13:31:28.279  INFO 10119 --- [main] s.w.s.m.m.a.RequestMappingHandlerMapping : Mapped "{[/student/{id}]}" onto public com.rvc.info.student.Student com.rvc.info.student.service.RestStudent.getStudent(java.lang.Integer)
2017-12-06 13:31:28.284  INFO 10119 --- [main] s.w.s.m.m.a.RequestMappingHandlerMapping : Mapped "{[/error],produces=[text/html]}" onto public org.springframework.web.servlet.ModelAndView org.springframework.boot.autoconfigure.web.BasicErrorController.errorHtml(javax.servlet.http.HttpServletRequest,javax.servlet.http.HttpServletResponse)
2017-12-06 13:31:28.286  INFO 10119 --- [main] s.w.s.m.m.a.RequestMappingHandlerMapping : Mapped "{[/error]}" onto public org.springframework.http.ResponseEntity<java.util.Map<java.lang.String, java.lang.Object>> org.springframework.boot.autoconfigure.web.BasicErrorController.error(javax.servlet.http.HttpServletRequest)
2017-12-06 13:31:28.360  INFO 10119 --- [main] o.s.w.s.handler.SimpleUrlHandlerMapping  : Mapped URL path [/webjars/**] onto handler of type [class org.springframework.web.servlet.resource.ResourceHttpRequestHandler]
2017-12-06 13:31:28.361  INFO 10119 --- [main] o.s.w.s.handler.SimpleUrlHandlerMapping  : Mapped URL path [/**] onto handler of type [class org.springframework.web.servlet.resource.ResourceHttpRequestHandler]
2017-12-06 13:31:28.431  INFO 10119 --- [main] o.s.w.s.handler.SimpleUrlHandlerMapping  : Mapped URL path [/**/favicon.ico] onto handler of type [class org.springframework.web.servlet.resource.ResourceHttpRequestHandler]
2017-12-06 13:31:28.720  INFO 10119 --- [main] o.s.j.e.a.AnnotationMBeanExporter        : Registering beans for JMX exposure on startup
2017-12-06 13:31:28.823  INFO 10119 --- [main] s.b.c.e.t.TomcatEmbeddedServletContainer : Tomcat started on port(s): 8080 (http)
2017-12-06 13:31:28.848  INFO 10119 --- [main] com.rvc.info.FirstApp                    : Started FirstApp in 6.12 seconds (JVM running for 6.624)
2017-12-06 13:31:28.848  INFO 10119 --- [main] com.rvc.info.FirstApp                    : Hello Db
2017-12-06 13:34:45.076  INFO 10119 --- [Thread-2] ationConfigEmbeddedWebApplicationContext : Closing org.springframework.boot.context.embedded.AnnotationConfigEmbeddedWebApplicationContext@4f209819: startup date [Wed Dec 06 13:31:23 IST 2017]; root of context hierarchy
2017-12-06 13:34:45.082  INFO 10119 --- [Thread-2] o.s.j.e.a.AnnotationMBeanExporter        : Unregistering JMX-exposed beans on shutdown
